<pre class='xdebug-var-dump' dir='ltr'>
<small>/var/www/html/chatbotwa/application/controllers/Bot.php:28:</small><font color='#3465a4'>null</font>
</pre>
<pre class='xdebug-var-dump' dir='ltr'>
<small>/var/www/html/chatbotwa/application/controllers/Bot.php:28:</small><font color='#3465a4'>null</font>
</pre>
<pre class='xdebug-var-dump' dir='ltr'>
<small>/var/www/html/chatbotwa/application/controllers/Bot.php:28:</small><font color='#3465a4'>null</font>
</pre>
<pre class='xdebug-var-dump' dir='ltr'>
<small>/var/www/html/chatbotwa/application/controllers/Bot.php:31:</small><font color='#3465a4'>null</font>
</pre>
<pre class='xdebug-var-dump' dir='ltr'>
<small>/var/www/html/chatbotwa/application/controllers/Bot.php:31:</small><font color='#3465a4'>null</font>
</pre>
<pre class='xdebug-var-dump' dir='ltr'>
<small>/var/www/html/chatbotwa/application/controllers/Bot.php:31:</small><font color='#3465a4'>null</font>
</pre>
<pre class='xdebug-var-dump' dir='ltr'>
<small>/var/www/html/chatbotwa/application/controllers/Bot.php:31:</small><font color='#3465a4'>null</font>
</pre>
<pre class='xdebug-var-dump' dir='ltr'>
<small>/var/www/html/chatbotwa/application/controllers/Bot.php:31:</small><font color='#3465a4'>null</font>
</pre>
<pre class='xdebug-var-dump' dir='ltr'>
<small>/var/www/html/chatbotwa/application/controllers/Bot.php:30:</small><font color='#3465a4'>null</font>
</pre>
<pre class='xdebug-var-dump' dir='ltr'>
<small>/var/www/html/chatbotwa/application/controllers/Bot.php:17:</small><font color='#3465a4'>null</font>
</pre>
<pre class='xdebug-var-dump' dir='ltr'>
<small>/var/www/html/chatbotwa/application/controllers/Bot.php:17:</small><font color='#3465a4'>null</font>
</pre>
<pre class='xdebug-var-dump' dir='ltr'>
<small>/var/www/html/chatbotwa/application/controllers/Bot.php:17:</small><font color='#3465a4'>null</font>
</pre>
<pre class='xdebug-var-dump' dir='ltr'>
<small>/var/www/html/chatbotwa/application/controllers/Bot.php:17:</small><font color='#3465a4'>null</font>
</pre>
<pre class='xdebug-var-dump' dir='ltr'>
<small>/var/www/html/chatbotwa/application/controllers/Bot.php:17:</small><font color='#3465a4'>null</font>
</pre>
<pre class='xdebug-var-dump' dir='ltr'>
<small>/var/www/html/webhook_dimas.php:22:</small><font color='#3465a4'>null</font>
</pre>
<pre class='xdebug-var-dump' dir='ltr'>
<small>/var/www/html/webhook_dimas.php:22:</small><font color='#3465a4'>null</font>
</pre>
<pre class='xdebug-var-dump' dir='ltr'>
<small>/var/www/html/webhook_dimas.php:22:</small><font color='#3465a4'>null</font>
</pre>
<pre class='xdebug-var-dump' dir='ltr'>
<small>/var/www/html/webhook_dimas.php:22:</small><font color='#3465a4'>null</font>
</pre>
<pre class='xdebug-var-dump' dir='ltr'>
<small>/var/www/html/webhook_dimas.php:22:</small>
<b>array</b> <i>(size=2)</i>
  'ack' <font color='#888a85'>=&gt;</font> 
    <b>array</b> <i>(size=1)</i>
      0 <font color='#888a85'>=&gt;</font> 
        <b>array</b> <i>(size=4)</i>
          'id' <font color='#888a85'>=&gt;</font> <small>string</small> <font color='#cc0000'>'true_628179421914@c.us_3EB017D9403D23CE4F0B'</font> <i>(length=43)</i>
          'queueNumber' <font color='#888a85'>=&gt;</font> <small>int</small> <font color='#4e9a06'>3097</font>
          'chatId' <font color='#888a85'>=&gt;</font> <small>string</small> <font color='#cc0000'>'628179421914@c.us'</font> <i>(length=17)</i>
          'status' <font color='#888a85'>=&gt;</font> <small>string</small> <font color='#cc0000'>'delivered'</font> <i>(length=9)</i>
  'instanceId' <font color='#888a85'>=&gt;</font> <small>string</small> <font color='#cc0000'>'53243'</font> <i>(length=5)</i>
</pre>
<pre class='xdebug-var-dump' dir='ltr'>
<small>/var/www/html/webhook_dimas.php:22:</small>
<b>array</b> <i>(size=2)</i>
  'messages' <font color='#888a85'>=&gt;</font> 
    <b>array</b> <i>(size=1)</i>
      0 <font color='#888a85'>=&gt;</font> 
        <b>array</b> <i>(size=13)</i>
          'id' <font color='#888a85'>=&gt;</font> <small>string</small> <font color='#cc0000'>'false_6287711086938@c.us_16E1DC57B2068A979C1726759CA858E4'</font> <i>(length=57)</i>
          'body' <font color='#888a85'>=&gt;</font> <small>string</small> <font color='#cc0000'>'hi'</font> <i>(length=2)</i>
          'fromMe' <font color='#888a85'>=&gt;</font> <small>boolean</small> <font color='#75507b'>false</font>
          'self' <font color='#888a85'>=&gt;</font> <small>int</small> <font color='#4e9a06'>0</font>
          'isForwarded' <font color='#888a85'>=&gt;</font> <small>int</small> <font color='#4e9a06'>0</font>
          'author' <font color='#888a85'>=&gt;</font> <small>string</small> <font color='#cc0000'>'6287711086938@c.us'</font> <i>(length=18)</i>
          'time' <font color='#888a85'>=&gt;</font> <small>int</small> <font color='#4e9a06'>1567568001</font>
          'chatId' <font color='#888a85'>=&gt;</font> <small>string</small> <font color='#cc0000'>'6287711086938@c.us'</font> <i>(length=18)</i>
          'messageNumber' <font color='#888a85'>=&gt;</font> <small>int</small> <font color='#4e9a06'>7468</font>
          'type' <font color='#888a85'>=&gt;</font> <small>string</small> <font color='#cc0000'>'chat'</font> <i>(length=4)</i>
          'senderName' <font color='#888a85'>=&gt;</font> <small>string</small> <font color='#cc0000'>'mamat08nurahmat'</font> <i>(length=15)</i>
          'caption' <font color='#888a85'>=&gt;</font> <font color='#3465a4'>null</font>
          'chatName' <font color='#888a85'>=&gt;</font> <small>string</small> <font color='#cc0000'>'+62 877-1108-6938'</font> <i>(length=17)</i>
  'instanceId' <font color='#888a85'>=&gt;</font> <small>string</small> <font color='#cc0000'>'53243'</font> <i>(length=5)</i>
</pre>
<pre class='xdebug-var-dump' dir='ltr'>
<small>/var/www/html/webhook_dimas.php:22:</small>
<b>array</b> <i>(size=2)</i>
  'messages' <font color='#888a85'>=&gt;</font> 
    <b>array</b> <i>(size=1)</i>
      0 <font color='#888a85'>=&gt;</font> 
        <b>array</b> <i>(size=13)</i>
          'id' <font color='#888a85'>=&gt;</font> <small>string</small> <font color='#cc0000'>'false_6287711086938@c.us_F18312E6F95A9AEC2DE3160A9A117CC8'</font> <i>(length=57)</i>
          'body' <font color='#888a85'>=&gt;</font> <small>string</small> <font color='#cc0000'>'hi'</font> <i>(length=2)</i>
          'fromMe' <font color='#888a85'>=&gt;</font> <small>boolean</small> <font color='#75507b'>false</font>
          'self' <font color='#888a85'>=&gt;</font> <small>int</small> <font color='#4e9a06'>0</font>
          'isForwarded' <font color='#888a85'>=&gt;</font> <small>int</small> <font color='#4e9a06'>0</font>
          'author' <font color='#888a85'>=&gt;</font> <small>string</small> <font color='#cc0000'>'6287711086938@c.us'</font> <i>(length=18)</i>
          'time' <font color='#888a85'>=&gt;</font> <small>int</small> <font color='#4e9a06'>1567568184</font>
          'chatId' <font color='#888a85'>=&gt;</font> <small>string</small> <font color='#cc0000'>'6287711086938@c.us'</font> <i>(length=18)</i>
          'messageNumber' <font color='#888a85'>=&gt;</font> <small>int</small> <font color='#4e9a06'>7471</font>
          'type' <font color='#888a85'>=&gt;</font> <small>string</small> <font color='#cc0000'>'chat'</font> <i>(length=4)</i>
          'senderName' <font color='#888a85'>=&gt;</font> <small>string</small> <font color='#cc0000'>'mamat08nurahmat'</font> <i>(length=15)</i>
          'caption' <font color='#888a85'>=&gt;</font> <font color='#3465a4'>null</font>
          'chatName' <font color='#888a85'>=&gt;</font> <small>string</small> <font color='#cc0000'>'+62 877-1108-6938'</font> <i>(length=17)</i>
  'instanceId' <font color='#888a85'>=&gt;</font> <small>string</small> <font color='#cc0000'>'53243'</font> <i>(length=5)</i>
</pre>
<pre class='xdebug-var-dump' dir='ltr'>
<small>/var/www/html/webhook_dimas.php:22:</small>
<b>array</b> <i>(size=2)</i>
  'ack' <font color='#888a85'>=&gt;</font> 
    <b>array</b> <i>(size=1)</i>
      0 <font color='#888a85'>=&gt;</font> 
        <b>array</b> <i>(size=4)</i>
          'id' <font color='#888a85'>=&gt;</font> <small>string</small> <font color='#cc0000'>'true_6287711086938@c.us_3EB0E7B58DD74EB16C93'</font> <i>(length=44)</i>
          'queueNumber' <font color='#888a85'>=&gt;</font> <small>int</small> <font color='#4e9a06'>3102</font>
          'chatId' <font color='#888a85'>=&gt;</font> <small>string</small> <font color='#cc0000'>'6287711086938@c.us'</font> <i>(length=18)</i>
          'status' <font color='#888a85'>=&gt;</font> <small>string</small> <font color='#cc0000'>'sent'</font> <i>(length=4)</i>
  'instanceId' <font color='#888a85'>=&gt;</font> <small>string</small> <font color='#cc0000'>'53243'</font> <i>(length=5)</i>
</pre>
<pre class='xdebug-var-dump' dir='ltr'>
<small>/var/www/html/webhook_dimas.php:22:</small>
<b>array</b> <i>(size=2)</i>
  'ack' <font color='#888a85'>=&gt;</font> 
    <b>array</b> <i>(size=1)</i>
      0 <font color='#888a85'>=&gt;</font> 
        <b>array</b> <i>(size=4)</i>
          'id' <font color='#888a85'>=&gt;</font> <small>string</small> <font color='#cc0000'>'true_6287711086938@c.us_3EB0E7B58DD74EB16C93'</font> <i>(length=44)</i>
          'queueNumber' <font color='#888a85'>=&gt;</font> <small>int</small> <font color='#4e9a06'>3102</font>
          'chatId' <font color='#888a85'>=&gt;</font> <small>string</small> <font color='#cc0000'>'6287711086938@c.us'</font> <i>(length=18)</i>
          'status' <font color='#888a85'>=&gt;</font> <small>string</small> <font color='#cc0000'>'delivered'</font> <i>(length=9)</i>
  'instanceId' <font color='#888a85'>=&gt;</font> <small>string</small> <font color='#cc0000'>'53243'</font> <i>(length=5)</i>
</pre>
<pre class='xdebug-var-dump' dir='ltr'>
<small>/var/www/html/webhook_dimas.php:22:</small>
<b>array</b> <i>(size=2)</i>
  'messages' <font color='#888a85'>=&gt;</font> 
    <b>array</b> <i>(size=1)</i>
      0 <font color='#888a85'>=&gt;</font> 
        <b>array</b> <i>(size=13)</i>
          'id' <font color='#888a85'>=&gt;</font> <small>string</small> <font color='#cc0000'>'true_6287711086938@c.us_3EB0E7B58DD74EB16C93'</font> <i>(length=44)</i>
          'body' <font color='#888a85'>=&gt;</font> <small>string</small> <font color='#cc0000'>'Hi..Semangat Pagi..🌅🌅🌅  &#10;Saya Dimas &#10; &#10;Anda Belum kenalan dengan saya.. &#10;-------------------------------------------------------&#10;No Anda Belum terdaftar silahkan Registrasi Terlebih dahulu  &#10;ketik REG &lt;spasi&gt; NAMA &lt;spasi&gt; KELOMPOK &#10;--------------------------------------------------------&#10;Butuh bantuan? --&gt; ketik help &#10;Ditanya aja Mas...🙏🙏🙏  &#10;--------------------------------------------------------'</font> <i>(length=418)</i>
          'fromMe' <font color='#888a85'>=&gt;</font> <small>boolean</small> <font color='#75507b'>true</font>
          'self' <font color='#888a85'>=&gt;</font> <small>int</small> <font color='#4e9a06'>1</font>
          'isForwarded' <font color='#888a85'>=&gt;</font> <small>int</small> <font color='#4e9a06'>0</font>
          'author' <font color='#888a85'>=&gt;</font> <small>string</small> <font color='#cc0000'>'6281932477899@c.us'</font> <i>(length=18)</i>
          'time' <font color='#888a85'>=&gt;</font> <small>int</small> <font color='#4e9a06'>1567568193</font>
          'chatId' <font color='#888a85'>=&gt;</font> <small>string</small> <font color='#cc0000'>'6287711086938@c.us'</font> <i>(length=18)</i>
          'messageNumber' <font color='#888a85'>=&gt;</font> <small>int</small> <font color='#4e9a06'>7472</font>
          'type' <font color='#888a85'>=&gt;</font> <small>string</small> <font color='#cc0000'>'chat'</font> <i>(length=4)</i>
          'senderName' <font color='#888a85'>=&gt;</font> <small>string</small> <font color='#cc0000'>'Dimas SLN'</font> <i>(length=9)</i>
          'caption' <font color='#888a85'>=&gt;</font> <font color='#3465a4'>null</font>
          'chatName' <font color='#888a85'>=&gt;</font> <small>string</small> <font color='#cc0000'>'+62 877-1108-6938'</font> <i>(length=17)</i>
  'instanceId' <font color='#888a85'>=&gt;</font> <small>string</small> <font color='#cc0000'>'53243'</font> <i>(length=5)</i>
</pre>
<pre class='xdebug-var-dump' dir='ltr'>
<small>/var/www/html/webhook_dimas.php:22:</small>
<b>array</b> <i>(size=2)</i>
  'ack' <font color='#888a85'>=&gt;</font> 
    <b>array</b> <i>(size=1)</i>
      0 <font color='#888a85'>=&gt;</font> 
        <b>array</b> <i>(size=4)</i>
          'id' <font color='#888a85'>=&gt;</font> <small>string</small> <font color='#cc0000'>'true_6287711086938@c.us_3EB0B429D28B24274D2F'</font> <i>(length=44)</i>
          'queueNumber' <font color='#888a85'>=&gt;</font> <small>int</small> <font color='#4e9a06'>3103</font>
          'chatId' <font color='#888a85'>=&gt;</font> <small>string</small> <font color='#cc0000'>'6287711086938@c.us'</font> <i>(length=18)</i>
          'status' <font color='#888a85'>=&gt;</font> <small>string</small> <font color='#cc0000'>'sent'</font> <i>(length=4)</i>
  'instanceId' <font color='#888a85'>=&gt;</font> <small>string</small> <font color='#cc0000'>'53243'</font> <i>(length=5)</i>
</pre>
<pre class='xdebug-var-dump' dir='ltr'>
<small>/var/www/html/webhook_dimas.php:22:</small>
<b>array</b> <i>(size=2)</i>
  'messages' <font color='#888a85'>=&gt;</font> 
    <b>array</b> <i>(size=1)</i>
      0 <font color='#888a85'>=&gt;</font> 
        <b>array</b> <i>(size=13)</i>
          'id' <font color='#888a85'>=&gt;</font> <small>string</small> <font color='#cc0000'>'true_6287711086938@c.us_3EB0B429D28B24274D2F'</font> <i>(length=44)</i>
          'body' <font color='#888a85'>=&gt;</font> <small>string</small> <font color='#cc0000'>'tesssssssssss'</font> <i>(length=13)</i>
          'fromMe' <font color='#888a85'>=&gt;</font> <small>boolean</small> <font color='#75507b'>true</font>
          'self' <font color='#888a85'>=&gt;</font> <small>int</small> <font color='#4e9a06'>1</font>
          'isForwarded' <font color='#888a85'>=&gt;</font> <small>int</small> <font color='#4e9a06'>0</font>
          'author' <font color='#888a85'>=&gt;</font> <small>string</small> <font color='#cc0000'>'6281932477899@c.us'</font> <i>(length=18)</i>
          'time' <font color='#888a85'>=&gt;</font> <small>int</small> <font color='#4e9a06'>1567568341</font>
          'chatId' <font color='#888a85'>=&gt;</font> <small>string</small> <font color='#cc0000'>'6287711086938@c.us'</font> <i>(length=18)</i>
          'messageNumber' <font color='#888a85'>=&gt;</font> <small>int</small> <font color='#4e9a06'>7473</font>
          'type' <font color='#888a85'>=&gt;</font> <small>string</small> <font color='#cc0000'>'chat'</font> <i>(length=4)</i>
          'senderName' <font color='#888a85'>=&gt;</font> <small>string</small> <font color='#cc0000'>'Dimas SLN'</font> <i>(length=9)</i>
          'caption' <font color='#888a85'>=&gt;</font> <font color='#3465a4'>null</font>
          'chatName' <font color='#888a85'>=&gt;</font> <small>string</small> <font color='#cc0000'>'+62 877-1108-6938'</font> <i>(length=17)</i>
  'instanceId' <font color='#888a85'>=&gt;</font> <small>string</small> <font color='#cc0000'>'53243'</font> <i>(length=5)</i>
</pre>
<pre class='xdebug-var-dump' dir='ltr'>
<small>/var/www/html/webhook_dimas.php:22:</small>
<b>array</b> <i>(size=2)</i>
  'ack' <font color='#888a85'>=&gt;</font> 
    <b>array</b> <i>(size=1)</i>
      0 <font color='#888a85'>=&gt;</font> 
        <b>array</b> <i>(size=4)</i>
          'id' <font color='#888a85'>=&gt;</font> <small>string</small> <font color='#cc0000'>'true_6287711086938@c.us_3EB0B429D28B24274D2F'</font> <i>(length=44)</i>
          'queueNumber' <font color='#888a85'>=&gt;</font> <small>int</small> <font color='#4e9a06'>3103</font>
          'chatId' <font color='#888a85'>=&gt;</font> <small>string</small> <font color='#cc0000'>'6287711086938@c.us'</font> <i>(length=18)</i>
          'status' <font color='#888a85'>=&gt;</font> <small>string</small> <font color='#cc0000'>'delivered'</font> <i>(length=9)</i>
  'instanceId' <font color='#888a85'>=&gt;</font> <small>string</small> <font color='#cc0000'>'53243'</font> <i>(length=5)</i>
</pre>
<pre class='xdebug-var-dump' dir='ltr'>
<small>/var/www/html/webhook_dimas.php:22:</small>
<b>array</b> <i>(size=2)</i>
  'ack' <font color='#888a85'>=&gt;</font> 
    <b>array</b> <i>(size=1)</i>
      0 <font color='#888a85'>=&gt;</font> 
        <b>array</b> <i>(size=4)</i>
          'id' <font color='#888a85'>=&gt;</font> <small>string</small> <font color='#cc0000'>'true_628118800040@c.us_3EB0B70F9CA65167AF11'</font> <i>(length=43)</i>
          'queueNumber' <font color='#888a85'>=&gt;</font> <small>int</small> <font color='#4e9a06'>3100</font>
          'chatId' <font color='#888a85'>=&gt;</font> <small>string</small> <font color='#cc0000'>'628118800040@c.us'</font> <i>(length=17)</i>
          'status' <font color='#888a85'>=&gt;</font> <small>string</small> <font color='#cc0000'>'viewed'</font> <i>(length=6)</i>
  'instanceId' <font color='#888a85'>=&gt;</font> <small>string</small> <font color='#cc0000'>'53243'</font> <i>(length=5)</i>
</pre>
<pre class='xdebug-var-dump' dir='ltr'>
<small>/var/www/html/webhook_dimas.php:22:</small>
<b>array</b> <i>(size=2)</i>
  'ack' <font color='#888a85'>=&gt;</font> 
    <b>array</b> <i>(size=1)</i>
      0 <font color='#888a85'>=&gt;</font> 
        <b>array</b> <i>(size=4)</i>
          'id' <font color='#888a85'>=&gt;</font> <small>string</small> <font color='#cc0000'>'true_628179421914@c.us_3EB017D9403D23CE4F0B'</font> <i>(length=43)</i>
          'queueNumber' <font color='#888a85'>=&gt;</font> <small>int</small> <font color='#4e9a06'>3097</font>
          'chatId' <font color='#888a85'>=&gt;</font> <small>string</small> <font color='#cc0000'>'628179421914@c.us'</font> <i>(length=17)</i>
          'status' <font color='#888a85'>=&gt;</font> <small>string</small> <font color='#cc0000'>'viewed'</font> <i>(length=6)</i>
  'instanceId' <font color='#888a85'>=&gt;</font> <small>string</small> <font color='#cc0000'>'53243'</font> <i>(length=5)</i>
</pre>
<pre class='xdebug-var-dump' dir='ltr'>
<small>/var/www/html/webhook_dimas.php:22:</small>
<b>array</b> <i>(size=2)</i>
  'messages' <font color='#888a85'>=&gt;</font> 
    <b>array</b> <i>(size=1)</i>
      0 <font color='#888a85'>=&gt;</font> 
        <b>array</b> <i>(size=13)</i>
          'id' <font color='#888a85'>=&gt;</font> <small>string</small> <font color='#cc0000'>'false_6287711086938@c.us_884405B78BA509C40D8796F35A15EBE4'</font> <i>(length=57)</i>
          'body' <font color='#888a85'>=&gt;</font> <small>string</small> <font color='#cc0000'>'hi'</font> <i>(length=2)</i>
          'fromMe' <font color='#888a85'>=&gt;</font> <small>boolean</small> <font color='#75507b'>false</font>
          'self' <font color='#888a85'>=&gt;</font> <small>int</small> <font color='#4e9a06'>0</font>
          'isForwarded' <font color='#888a85'>=&gt;</font> <small>int</small> <font color='#4e9a06'>0</font>
          'author' <font color='#888a85'>=&gt;</font> <small>string</small> <font color='#cc0000'>'6287711086938@c.us'</font> <i>(length=18)</i>
          'time' <font color='#888a85'>=&gt;</font> <small>int</small> <font color='#4e9a06'>1567568638</font>
          'chatId' <font color='#888a85'>=&gt;</font> <small>string</small> <font color='#cc0000'>'6287711086938@c.us'</font> <i>(length=18)</i>
          'messageNumber' <font color='#888a85'>=&gt;</font> <small>int</small> <font color='#4e9a06'>7474</font>
          'type' <font color='#888a85'>=&gt;</font> <small>string</small> <font color='#cc0000'>'chat'</font> <i>(length=4)</i>
          'senderName' <font color='#888a85'>=&gt;</font> <small>string</small> <font color='#cc0000'>'mamat08nurahmat'</font> <i>(length=15)</i>
          'caption' <font color='#888a85'>=&gt;</font> <font color='#3465a4'>null</font>
          'chatName' <font color='#888a85'>=&gt;</font> <small>string</small> <font color='#cc0000'>'+62 877-1108-6938'</font> <i>(length=17)</i>
  'instanceId' <font color='#888a85'>=&gt;</font> <small>string</small> <font color='#cc0000'>'53243'</font> <i>(length=5)</i>
</pre>
<pre class='xdebug-var-dump' dir='ltr'>
<small>/var/www/html/webhook_dimas.php:22:</small>
<b>array</b> <i>(size=2)</i>
  'messages' <font color='#888a85'>=&gt;</font> 
    <b>array</b> <i>(size=1)</i>
      0 <font color='#888a85'>=&gt;</font> 
        <b>array</b> <i>(size=13)</i>
          'id' <font color='#888a85'>=&gt;</font> <small>string</small> <font color='#cc0000'>'false_6287711086938@c.us_BB53688A6395A41F66B6CE2439696A91'</font> <i>(length=57)</i>
          'body' <font color='#888a85'>=&gt;</font> <small>string</small> <font color='#cc0000'>'hi'</font> <i>(length=2)</i>
          'fromMe' <font color='#888a85'>=&gt;</font> <small>boolean</small> <font color='#75507b'>false</font>
          'self' <font color='#888a85'>=&gt;</font> <small>int</small> <font color='#4e9a06'>0</font>
          'isForwarded' <font color='#888a85'>=&gt;</font> <small>int</small> <font color='#4e9a06'>0</font>
          'author' <font color='#888a85'>=&gt;</font> <small>string</small> <font color='#cc0000'>'6287711086938@c.us'</font> <i>(length=18)</i>
          'time' <font color='#888a85'>=&gt;</font> <small>int</small> <font color='#4e9a06'>1567568738</font>
          'chatId' <font color='#888a85'>=&gt;</font> <small>string</small> <font color='#cc0000'>'6287711086938@c.us'</font> <i>(length=18)</i>
          'messageNumber' <font color='#888a85'>=&gt;</font> <small>int</small> <font color='#4e9a06'>7475</font>
          'type' <font color='#888a85'>=&gt;</font> <small>string</small> <font color='#cc0000'>'chat'</font> <i>(length=4)</i>
          'senderName' <font color='#888a85'>=&gt;</font> <small>string</small> <font color='#cc0000'>'mamat08nurahmat'</font> <i>(length=15)</i>
          'caption' <font color='#888a85'>=&gt;</font> <font color='#3465a4'>null</font>
          'chatName' <font color='#888a85'>=&gt;</font> <small>string</small> <font color='#cc0000'>'+62 877-1108-6938'</font> <i>(length=17)</i>
  'instanceId' <font color='#888a85'>=&gt;</font> <small>string</small> <font color='#cc0000'>'53243'</font> <i>(length=5)</i>
</pre>
<pre class='xdebug-var-dump' dir='ltr'>
<small>/var/www/html/webhook_dimas.php:22:</small>
<b>array</b> <i>(size=2)</i>
  'ack' <font color='#888a85'>=&gt;</font> 
    <b>array</b> <i>(size=1)</i>
      0 <font color='#888a85'>=&gt;</font> 
        <b>array</b> <i>(size=4)</i>
          'id' <font color='#888a85'>=&gt;</font> <small>string</small> <font color='#cc0000'>'true_6287711086938@c.us_3EB08D18F0669A9AD1B2'</font> <i>(length=44)</i>
          'queueNumber' <font color='#888a85'>=&gt;</font> <small>int</small> <font color='#4e9a06'>3104</font>
          'chatId' <font color='#888a85'>=&gt;</font> <small>string</small> <font color='#cc0000'>'6287711086938@c.us'</font> <i>(length=18)</i>
          'status' <font color='#888a85'>=&gt;</font> <small>string</small> <font color='#cc0000'>'sent'</font> <i>(length=4)</i>
  'instanceId' <font color='#888a85'>=&gt;</font> <small>string</small> <font color='#cc0000'>'53243'</font> <i>(length=5)</i>
</pre>
<pre class='xdebug-var-dump' dir='ltr'>
<small>/var/www/html/webhook_dimas.php:22:</small>
<b>array</b> <i>(size=2)</i>
  'messages' <font color='#888a85'>=&gt;</font> 
    <b>array</b> <i>(size=1)</i>
      0 <font color='#888a85'>=&gt;</font> 
        <b>array</b> <i>(size=13)</i>
          'id' <font color='#888a85'>=&gt;</font> <small>string</small> <font color='#cc0000'>'true_6287711086938@c.us_3EB08D18F0669A9AD1B2'</font> <i>(length=44)</i>
          'body' <font color='#888a85'>=&gt;</font> <small>string</small> <font color='#cc0000'>'Hi..Semangat Pagi..🌅🌅🌅  &#10;Saya Dimas &#10; &#10;Anda Belum kenalan dengan saya.. &#10;-------------------------------------------------------&#10;No Anda Belum terdaftar silahkan Registrasi Terlebih dahulu  &#10;ketik REG &lt;spasi&gt; NAMA &lt;spasi&gt; KELOMPOK &#10;--------------------------------------------------------&#10;Butuh bantuan? --&gt; ketik help &#10;Ditanya aja Mas...🙏🙏🙏  &#10;--------------------------------------------------------'</font> <i>(length=418)</i>
          'fromMe' <font color='#888a85'>=&gt;</font> <small>boolean</small> <font color='#75507b'>true</font>
          'self' <font color='#888a85'>=&gt;</font> <small>int</small> <font color='#4e9a06'>1</font>
          'isForwarded' <font color='#888a85'>=&gt;</font> <small>int</small> <font color='#4e9a06'>0</font>
          'author' <font color='#888a85'>=&gt;</font> <small>string</small> <font color='#cc0000'>'6281932477899@c.us'</font> <i>(length=18)</i>
          'time' <font color='#888a85'>=&gt;</font> <small>int</small> <font color='#4e9a06'>1567568742</font>
          'chatId' <font color='#888a85'>=&gt;</font> <small>string</small> <font color='#cc0000'>'6287711086938@c.us'</font> <i>(length=18)</i>
          'messageNumber' <font color='#888a85'>=&gt;</font> <small>int</small> <font color='#4e9a06'>7476</font>
          'type' <font color='#888a85'>=&gt;</font> <small>string</small> <font color='#cc0000'>'chat'</font> <i>(length=4)</i>
          'senderName' <font color='#888a85'>=&gt;</font> <small>string</small> <font color='#cc0000'>'Dimas SLN'</font> <i>(length=9)</i>
          'caption' <font color='#888a85'>=&gt;</font> <font color='#3465a4'>null</font>
          'chatName' <font color='#888a85'>=&gt;</font> <small>string</small> <font color='#cc0000'>'+62 877-1108-6938'</font> <i>(length=17)</i>
  'instanceId' <font color='#888a85'>=&gt;</font> <small>string</small> <font color='#cc0000'>'53243'</font> <i>(length=5)</i>
</pre>
<pre class='xdebug-var-dump' dir='ltr'>
<small>/var/www/html/webhook_dimas.php:22:</small>
<b>array</b> <i>(size=2)</i>
  'ack' <font color='#888a85'>=&gt;</font> 
    <b>array</b> <i>(size=1)</i>
      0 <font color='#888a85'>=&gt;</font> 
        <b>array</b> <i>(size=4)</i>
          'id' <font color='#888a85'>=&gt;</font> <small>string</small> <font color='#cc0000'>'true_6287711086938@c.us_3EB08D18F0669A9AD1B2'</font> <i>(length=44)</i>
          'queueNumber' <font color='#888a85'>=&gt;</font> <small>int</small> <font color='#4e9a06'>3104</font>
          'chatId' <font color='#888a85'>=&gt;</font> <small>string</small> <font color='#cc0000'>'6287711086938@c.us'</font> <i>(length=18)</i>
          'status' <font color='#888a85'>=&gt;</font> <small>string</small> <font color='#cc0000'>'delivered'</font> <i>(length=9)</i>
  'instanceId' <font color='#888a85'>=&gt;</font> <small>string</small> <font color='#cc0000'>'53243'</font> <i>(length=5)</i>
</pre>
