{"sent":true,"message":"Sent to 6287711086938@c.us","id":"true_6287711086938@c.us_3EB0C66CD6986364E83E","queueNumber":22}
{"sent":true,"message":"Sent to 6287711086938@c.us","id":"true_6287711086938@c.us_3EB0FCE4D4A7FFB35A1D","queueNumber":23}
{"sent":true,"message":"Sent to 6287711086938@c.us","id":"true_6287711086938@c.us_3EB030EFF4AEFA9E234E","queueNumber":24}
{"sent":true,"message":"Sent to 6282217559925@c.us","id":"true_6282217559925@c.us_3EB052BD2C86F3B30C40","queueNumber":25}
{"sent":true,"message":"Sent to 6287711086938@c.us","id":"true_6287711086938@c.us_3EB0945D671D843C7000","queueNumber":26}
{"sent":true,"message":"Sent to 6282217559925@c.us","id":"true_6282217559925@c.us_3EB0D1F931C7BC3B8C92","queueNumber":27}
{"sent":true,"message":"Sent to 6282217559925@c.us","id":"true_6282217559925@c.us_3EB0CDC212C5ECFD7405","queueNumber":28}
{"sent":true,"message":"Sent to 6282217559925@c.us","id":"true_6282217559925@c.us_3EB0B69794A2D706B7A4","queueNumber":29}
{"sent":true,"message":"Sent to 6282217559925@c.us","id":"true_6282217559925@c.us_3EB053279D099DFFB670","queueNumber":30}
{"sent":true,"message":"Sent to 6282217559925@c.us","id":"true_6282217559925@c.us_3EB0FFFA11AE03260C2C","queueNumber":31}
{"sent":true,"message":"Sent to 6282217559925@c.us","id":"true_6282217559925@c.us_3EB0E98B1BFA0A1F0A6B","queueNumber":32}
{"sent":true,"message":"Sent to 6287711086938@c.us","id":"true_6287711086938@c.us_3EB0304243DCED0B0794","queueNumber":33}
{"sent":true,"message":"Sent to 6282217559925@c.us","id":"true_6282217559925@c.us_3EB0B69D1C81528425BF","queueNumber":34}
{"sent":true,"message":"Sent to 6282217559925@c.us","id":"true_6282217559925@c.us_3EB0BE278535A58DC8E6","queueNumber":35}
{"sent":true,"message":"Sent to 6287711086938@c.us","id":"true_6287711086938@c.us_3EB0A078C7E3EC71EA3A","queueNumber":36}
{"sent":true,"message":"Sent to 6282217559925@c.us","id":"true_6282217559925@c.us_3EB05468BE4FAFEA0993","queueNumber":37}
{"sent":true,"message":"Sent to 6287711086938@c.us","id":"true_6287711086938@c.us_3EB017A727C14120D057","queueNumber":38}
{"sent":false,"message":"Wrong chatId format. Please use \"phone parameter\" or chatId from message history. chatId has format 79680123456@c.us or 79680123456-1471234567@g.us"}
{"sent":false,"message":"Wrong chatId format. Please use \"phone parameter\" or chatId from message history. chatId has format 79680123456@c.us or 79680123456-1471234567@g.us"}
{"sent":true,"message":"Sent to 6282217559925@c.us","id":"true_6282217559925@c.us_3EB03EA3C822FCDBF3FF","queueNumber":39}
{"sent":true,"message":"Sent to 6287711086938@c.us","id":"true_6287711086938@c.us_3EB07A3E9F6B47ACD56F","queueNumber":40}
{"sent":true,"message":"Sent to 6282217559925@c.us","id":"true_6282217559925@c.us_3EB057BA904435A893E9","queueNumber":41}
{"sent":true,"message":"Sent to 6287711086938@c.us","id":"true_6287711086938@c.us_3EB0C6E278418D814AC4","queueNumber":42}
{"sent":true,"message":"Sent to 6282217559925@c.us","id":"true_6282217559925@c.us_3EB0D4C665C358456737","queueNumber":43}
{"sent":true,"message":"Sent to 6287711086938@c.us","id":"true_6287711086938@c.us_3EB01A5A80C45E478982","queueNumber":44}
{"sent":true,"message":"Sent to 6282217559925@c.us","id":"true_6282217559925@c.us_3EB063E6E43A62F9A298","queueNumber":45}
{"sent":false,"message":"Wrong chatId format. Please use \"phone parameter\" or chatId from message history. chatId has format 79680123456@c.us or 79680123456-1471234567@g.us"}
{"sent":true,"message":"Sent to 6282217559925@c.us","id":"true_6282217559925@c.us_3EB05474D6B8CB8F33B8","queueNumber":46}
{"sent":true,"message":"Sent to 6287711086938@c.us","id":"true_6287711086938@c.us_3EB0986A9CD4B23C5172","queueNumber":47}
{"sent":true,"message":"Sent to 6282217559925@c.us","id":"true_6282217559925@c.us_3EB007298E86B7310F7A","queueNumber":48}
{"sent":false,"message":"Wrong chatId format. Please use \"phone parameter\" or chatId from message history. chatId has format 79680123456@c.us or 79680123456-1471234567@g.us"}
{"sent":true,"message":"Sent to 6287711086938@c.us","id":"true_6287711086938@c.us_3EB08750D9625BAF39F7","queueNumber":49}
{"sent":true,"message":"Sent to 6282217559925@c.us","id":"true_6282217559925@c.us_3EB019505B2AD928189A","queueNumber":50}
{"sent":true,"message":"Sent to 6287711086938@c.us","id":"true_6287711086938@c.us_3EB0ED4C090B8D87B263","queueNumber":51}
{"sent":true,"message":"Sent to 6282217559925@c.us","id":"true_6282217559925@c.us_3EB097E29C6CD4D1BF7F","queueNumber":52}
{"sent":true,"message":"Sent to 6287711086938@c.us","id":"true_6287711086938@c.us_3EB0B5B18D393621A344","queueNumber":53}
{"sent":true,"message":"Sent to 6282217559925@c.us","id":"true_6282217559925@c.us_3EB012C76A5E6944879B","queueNumber":54}
{"sent":true,"message":"Sent to 6287711086938@c.us","id":"true_6287711086938@c.us_3EB0B05140B8171F098D","queueNumber":55}
{"sent":true,"message":"Sent to 6282217559925@c.us","id":"true_6282217559925@c.us_3EB067580A5F4308DA59","queueNumber":56}
{"sent":true,"message":"Sent to 6287711086938@c.us","id":"true_6287711086938@c.us_3EB0C77761904B8EF445","queueNumber":57}
{"sent":true,"message":"Sent to 6287711086938@c.us","id":"true_6287711086938@c.us_3EB0741F772E69E33BF4","queueNumber":58}
{"sent":true,"message":"Sent to 6282217559925@c.us","id":"true_6282217559925@c.us_3EB0225E06B18390C5A5","queueNumber":59}
{"sent":true,"message":"Sent to 6287711086938@c.us","id":"true_6287711086938@c.us_3EB0827C6F264185C215","queueNumber":60}
{"sent":true,"message":"Sent to 6282213481720@c.us","id":"true_6282213481720@c.us_3EB025824CA3C9135B83","queueNumber":61}
{"sent":true,"message":"Sent to 6287711086938@c.us","id":"true_6287711086938@c.us_3EB053E78E7656C97857","queueNumber":62}
{"sent":true,"message":"Sent to 6287711086938@c.us","id":"true_6287711086938@c.us_3EB09D475D7B293E147B","queueNumber":63}
{"sent":true,"message":"Sent to 6287711086938@c.us","id":"true_6287711086938@c.us_3EB088A3E7CA2A947C02","queueNumber":64}
{"sent":true,"message":"Sent to 6287711086938@c.us","id":"true_6287711086938@c.us_3EB0D07543A46A00E66B","queueNumber":65}
{"sent":true,"message":"Sent to 6282213481720@c.us","id":"true_6282213481720@c.us_3EB022B4B5AD79F4D18A","queueNumber":66}
{"sent":true,"message":"Sent to 6287711086938@c.us","id":"true_6287711086938@c.us_3EB0EDF6D91FF32388BD","queueNumber":67}
{"sent":true,"message":"Sent to 6282213487020@c.us","id":"true_6282213487020@c.us_3EB0B5C64E7EF5D5F5D8","queueNumber":68}
{"sent":true,"message":"Sent to 6287711086938@c.us","id":"true_6287711086938@c.us_3EB0ADE343E0333B1A39","queueNumber":69}
{"sent":true,"message":"Sent to 6287711086938@c.us","id":"true_6287711086938@c.us_3EB0695360557C1411AF","queueNumber":70}
{"sent":true,"message":"Sent to 6287711086938@c.us","id":"true_6287711086938@c.us_3EB00AA41430AC55E6BF","queueNumber":71}
{"sent":true,"message":"Sent to 6282217559925@c.us","id":"true_6282217559925@c.us_3EB01AEE4E61B75B3616","queueNumber":72}
{"sent":true,"message":"Sent to 6287711086938@c.us","id":"true_6287711086938@c.us_3EB0926DB8B992B84769","queueNumber":73}
{"sent":true,"message":"Sent to 6282217559925@c.us","id":"true_6282217559925@c.us_3EB0131F894CA30BFE3C","queueNumber":74}
{"sent":true,"message":"Sent to 6287711086938@c.us","id":"true_6287711086938@c.us_3EB0955AF25ADB0B99B6","queueNumber":75}
{"sent":true,"message":"Sent to 6282217559925@c.us","id":"true_6282217559925@c.us_3EB06F1E15E774CC2632","queueNumber":76}
{"sent":true,"message":"Sent to 6287711086938@c.us","id":"true_6287711086938@c.us_3EB04E12F14A5D5C4CC3","queueNumber":77}
{"sent":true,"message":"Sent to 6282217559925@c.us","id":"true_6282217559925@c.us_3EB02A218473EF7038B3","queueNumber":78}
{"sent":true,"message":"Sent to 6287711086938@c.us","id":"true_6287711086938@c.us_3EB0179858FC48343C48","queueNumber":79}
{"sent":true,"message":"Sent to 6282217559925@c.us","id":"true_6282217559925@c.us_3EB018287B771F012785","queueNumber":80}
{"sent":true,"message":"Sent to 6287711086938@c.us","id":"true_6287711086938@c.us_3EB05FFFA333A4E726EA","queueNumber":81}
{"sent":true,"message":"Sent to 6281973480077@c.us","id":"true_6281973480077@c.us_3EB01792F6BD80D5FF80","queueNumber":82}
{"sent":false,"message":"Wrong chatId format. Please use \"phone parameter\" or chatId from message history. chatId has format 79680123456@c.us or 79680123456-1471234567@g.us"}
{"sent":true,"message":"Sent to 6281973480077@c.us","id":"true_6281973480077@c.us_3EB08A1B72FB22304400","queueNumber":83}
{"sent":false,"message":"Wrong chatId format. Please use \"phone parameter\" or chatId from message history. chatId has format 79680123456@c.us or 79680123456-1471234567@g.us"}
{"sent":true,"message":"Sent to 6281973480077@c.us","id":"true_6281973480077@c.us_3EB086F8A259AF3F6A6F","queueNumber":84}
{"sent":true,"message":"Sent to 6282217559925@c.us","id":"true_6282217559925@c.us_3EB06A809932FC6A4C85","queueNumber":85}
{"sent":true,"message":"Sent to 6287711086938@c.us","id":"true_6287711086938@c.us_3EB00CC3A0198E5AA00A","queueNumber":86}
{"sent":false,"message":"Wrong chatId format. Please use \"phone parameter\" or chatId from message history. chatId has format 79680123456@c.us or 79680123456-1471234567@g.us"}
{"sent":true,"message":"Sent to 6287711086938@c.us","id":"true_6287711086938@c.us_3EB032744717117FA7A4","queueNumber":87}
{"sent":false,"message":"Wrong chatId format. Please use \"phone parameter\" or chatId from message history. chatId has format 79680123456@c.us or 79680123456-1471234567@g.us"}
{"sent":true,"message":"Sent to 6287711086938@c.us","id":"true_6287711086938@c.us_3EB0147F82DEEABBBEEF","queueNumber":88}
{"sent":false,"message":"Wrong chatId format. Please use \"phone parameter\" or chatId from message history. chatId has format 79680123456@c.us or 79680123456-1471234567@g.us"}
{"sent":true,"message":"Sent to 6287711086938@c.us","id":"true_6287711086938@c.us_3EB0572684A55D71EE66","queueNumber":89}
{"sent":false,"message":"Wrong chatId format. Please use \"phone parameter\" or chatId from message history. chatId has format 79680123456@c.us or 79680123456-1471234567@g.us"}
{"sent":true,"message":"Sent to 6287711086938@c.us","id":"true_6287711086938@c.us_3EB0F22501ED61445F04","queueNumber":90}
{"sent":false,"message":"Wrong chatId format. Please use \"phone parameter\" or chatId from message history. chatId has format 79680123456@c.us or 79680123456-1471234567@g.us"}
{"sent":true,"message":"Sent to 6287711086938@c.us","id":"true_6287711086938@c.us_3EB094819FF276EBB16B","queueNumber":91}
{"sent":false,"message":"Wrong chatId format. Please use \"phone parameter\" or chatId from message history. chatId has format 79680123456@c.us or 79680123456-1471234567@g.us"}
{"sent":true,"message":"Sent to 6287711086938@c.us","id":"true_6287711086938@c.us_3EB0AF09E4181D1690CE","queueNumber":92}
{"sent":true,"message":"Sent to 6287711086938@c.us","id":"true_6287711086938@c.us_3EB05524533EE5D2CF44","queueNumber":93}
{"sent":false,"message":"Wrong chatId format. Please use \"phone parameter\" or chatId from message history. chatId has format 79680123456@c.us or 79680123456-1471234567@g.us"}
{"sent":true,"message":"Sent to 6287711086938@c.us","id":"true_6287711086938@c.us_3EB0976BA3793DE11AB0","queueNumber":94}
{"sent":true,"message":"Sent to 6282217559925@c.us","id":"true_6282217559925@c.us_3EB0A6AFDE2836A325BC","queueNumber":95}
{"sent":true,"message":"Sent to 6287711086938@c.us","id":"true_6287711086938@c.us_3EB00FF9F2C2ABF020CC","queueNumber":96}
{"sent":true,"message":"Sent to 6282217559925@c.us","id":"true_6282217559925@c.us_3EB054D7C24E1C011F8A","queueNumber":97}
{"sent":true,"message":"Sent to 6282217559925@c.us","id":"true_6282217559925@c.us_3EB056D21B67FD39401B","queueNumber":98}
{"sent":true,"message":"Sent to 6287711086938@c.us","id":"true_6287711086938@c.us_3EB0D086C686D194E4B4","queueNumber":99}
{"sent":true,"message":"Sent to 6287711086938@c.us","id":"true_6287711086938@c.us_3EB0B96CA754DDBD29A2","queueNumber":100}
{"sent":true,"message":"Sent to 6281973480077@c.us","id":"true_6281973480077@c.us_3EB094B41B02199C3DB1","queueNumber":101}
{"sent":true,"message":"Sent to 6287711086938@c.us","id":"true_6287711086938@c.us_3EB00D72EAFEAEA7916B","queueNumber":102}
{"sent":true,"message":"Sent to 6281973480077@c.us","id":"true_6281973480077@c.us_3EB0851F5CF3DFBE2E2F","queueNumber":103}
{"sent":true,"message":"Sent to 6287711086938@c.us","id":"true_6287711086938@c.us_3EB0BE56C5381EFA408C","queueNumber":104}
{"sent":true,"message":"Sent to 6287711086938@c.us","id":"true_6287711086938@c.us_3EB05388158AA1C27BE8","queueNumber":105}
{"sent":true,"message":"Sent to 6287711086938@c.us","id":"true_6287711086938@c.us_3EB000E996B439CF0543","queueNumber":106}
{"sent":true,"message":"Sent to 6287711086938@c.us","id":"true_6287711086938@c.us_3EB0A2D1E1604ED6EBA7","queueNumber":107}
{"sent":true,"message":"Sent to 6287711086938@c.us","id":"true_6287711086938@c.us_3EB0C48066140FE72F8F","queueNumber":108}
{"sent":true,"message":"Sent to 6287711086938@c.us","id":"true_6287711086938@c.us_3EB0909B1F3E51242201","queueNumber":109}
{"sent":true,"message":"Sent to 6287711086938@c.us","id":"true_6287711086938@c.us_3EB0F2D36DCB28658CD5","queueNumber":110}
{"sent":true,"message":"Sent to 6287711086938@c.us","id":"true_6287711086938@c.us_3EB0C180096110F961F2","queueNumber":111}
{"sent":true,"message":"Sent to 6287711086938@c.us","id":"true_6287711086938@c.us_3EB083A0406698F87BE6","queueNumber":112}
{"sent":true,"message":"Sent to 6287711086938@c.us","id":"true_6287711086938@c.us_3EB0951505C29973D861","queueNumber":113}
{"sent":true,"message":"Sent to 6287711086938@c.us","id":"true_6287711086938@c.us_3EB093365C52F181549D","queueNumber":114}
{"sent":true,"message":"Sent to 6287711086938@c.us","id":"true_6287711086938@c.us_3EB041B75B5DDB7635C8","queueNumber":115}
{"sent":true,"message":"Sent to 6287711086938@c.us","id":"true_6287711086938@c.us_3EB00034F65A0E82E443","queueNumber":116}
{"sent":true,"message":"Sent to 6287711086938@c.us","id":"true_6287711086938@c.us_3EB04BBD7CA13502E4C7","queueNumber":117}
{"sent":true,"message":"Sent to 6287711086938@c.us","id":"true_6287711086938@c.us_3EB0ECDAC9026350CF00","queueNumber":118}
{"sent":true,"message":"Sent to 628993772788@c.us","id":"true_628993772788@c.us_3EB033B6FA4362CE97DA","queueNumber":121}
{"sent":true,"message":"Sent to 6287711086938@c.us","id":"true_6287711086938@c.us_3EB01E46BF6218465406","queueNumber":122}
{"sent":true,"message":"Sent to 628993772788@c.us","id":"true_628993772788@c.us_3EB00270A29BF58F7893","queueNumber":123}
{"sent":true,"message":"Sent to 6287711086938@c.us","id":"true_6287711086938@c.us_3EB0F29BA132C559D1E6","queueNumber":124}
{"sent":true,"message":"Sent to 628993772788@c.us","id":"true_628993772788@c.us_3EB0A7E2E4BBD3A1779E","queueNumber":125}
{"sent":true,"message":"Sent to 628993772788@c.us","id":"true_628993772788@c.us_3EB0F4E79933CCC96147","queueNumber":126}
{"sent":true,"message":"Sent to 6287711086938@c.us","id":"true_6287711086938@c.us_3EB0AED5B82580414D85","queueNumber":127}
{"sent":true,"message":"Sent to 6287711086938@c.us","id":"true_6287711086938@c.us_3EB05134AB29295FA269","queueNumber":128}
{"sent":true,"message":"Sent to 6287711086938@c.us","id":"true_6287711086938@c.us_3EB08B39BEA4E90E6BE2","queueNumber":129}
{"sent":true,"message":"Sent to 6287711086938@c.us","id":"true_6287711086938@c.us_3EB0627CF782C4D1DD44","queueNumber":130}
{"sent":true,"message":"Sent to 6287711086938@c.us","id":"true_6287711086938@c.us_3EB0BB264B9E8065C6E5","queueNumber":131}
{"sent":true,"message":"Sent to 6287711086938@c.us","id":"true_6287711086938@c.us_3EB06C040FFF7F92DE3A","queueNumber":132}
{"sent":true,"message":"Sent to 6287711086938@c.us","id":"true_6287711086938@c.us_3EB05A1752496891E661","queueNumber":136}
{"sent":true,"message":"Sent to 6287711086938@c.us","id":"true_6287711086938@c.us_3EB044DEDBC487B6F539","queueNumber":142}
{"sent":true,"message":"Sent to 6287711086938@c.us","id":"true_6287711086938@c.us_3EB0EF4CEAF13893A098","queueNumber":143}
{"sent":true,"message":"Sent to 6287711086938@c.us","id":"true_6287711086938@c.us_3EB05819F3DE4DAD9D66","queueNumber":144}
{"sent":true,"message":"Sent to 6287711086938@c.us","id":"true_6287711086938@c.us_3EB008DA68F2405EAAA5","queueNumber":145}
{"sent":true,"message":"Sent to 6287711086938@c.us","id":"true_6287711086938@c.us_3EB0FC452DC3B0C69095","queueNumber":146}
{"sent":true,"message":"Sent to 6287711086938@c.us","id":"true_6287711086938@c.us_3EB0BE30D631CD5EA7B0","queueNumber":147}
{"sent":true,"message":"Sent to 6287711086938@c.us","id":"true_6287711086938@c.us_3EB073BF4D929827B8BB","queueNumber":148}
{"sent":true,"message":"Sent to 6287711086938@c.us","id":"true_6287711086938@c.us_3EB091BB4CA3E611DD0E","queueNumber":149}
{"sent":true,"message":"Sent to 6287711086938@c.us","id":"true_6287711086938@c.us_3EB087FC10EDD1EF80DB","queueNumber":150}
{"sent":true,"message":"Sent to 6287711086938@c.us","id":"true_6287711086938@c.us_3EB09B1EF1629879A231","queueNumber":151}
{"sent":true,"message":"Sent to 6287711086938@c.us","id":"true_6287711086938@c.us_3EB058E1BB59D874A1BB","queueNumber":152}
{"sent":true,"message":"Sent to 6287711086938@c.us","id":"true_6287711086938@c.us_3EB0A2AC1A68944872D1","queueNumber":153}
{"sent":true,"message":"Sent to 6281973480077@c.us","id":"true_6281973480077@c.us_3EB0514EEAB477B973BA","queueNumber":154}
{"sent":true,"message":"Sent to 6281973480077@c.us","id":"true_6281973480077@c.us_3EB0DE49146A46D42706","queueNumber":155}
{"sent":true,"message":"Sent to 6287711086938@c.us","id":"true_6287711086938@c.us_3EB0B774431BACD13164","queueNumber":156}
{"sent":true,"message":"Sent to 6287711086938@c.us","id":"true_6287711086938@c.us_3EB0F97896CD2A766975","queueNumber":157}
{"sent":true,"message":"Sent to 6287711086938@c.us","id":"true_6287711086938@c.us_3EB07816D42FBC36DC19","queueNumber":158}
{"sent":true,"message":"Sent to 6287711086938@c.us","id":"true_6287711086938@c.us_3EB0DF017FE677F3EFF8","queueNumber":159}
{"sent":true,"message":"Sent to 6287711086938@c.us","id":"true_6287711086938@c.us_3EB07336DAC1DAC59928","queueNumber":160}
{"sent":true,"message":"Sent to 6287711086938@c.us","id":"true_6287711086938@c.us_3EB09A7B2F994B78D2CF","queueNumber":161}
{"sent":true,"message":"Sent to 6287711086938@c.us","id":"true_6287711086938@c.us_3EB00B78D9D934FE7941","queueNumber":162}
{"sent":true,"message":"Sent to 6287711086938@c.us","id":"true_6287711086938@c.us_3EB04B9C31832C8423D3","queueNumber":163}
{"sent":true,"message":"Sent to 6287711086938@c.us","id":"true_6287711086938@c.us_3EB0FEC8ADD980014EE1","queueNumber":164}
{"sent":true,"message":"Sent to 6287711086938@c.us","id":"true_6287711086938@c.us_3EB0F0A93D00F7444620","queueNumber":165}
{"sent":true,"message":"Sent to 6287711086938@c.us","id":"true_6287711086938@c.us_3EB02A991BAC5010D302","queueNumber":166}
{"sent":true,"message":"Sent to 6287711086938@c.us","id":"true_6287711086938@c.us_3EB0360AE5A313F26674","queueNumber":167}
{"sent":true,"message":"Sent to 6287711086938@c.us","id":"true_6287711086938@c.us_3EB0BF0297F69FD66537","queueNumber":168}
{"sent":true,"message":"Sent to 6287711086938@c.us","id":"true_6287711086938@c.us_3EB0CB0778A3CA43BD27","queueNumber":169}
{"sent":true,"message":"Sent to 6287711086938@c.us","id":"true_6287711086938@c.us_3EB025992AEF5F6DA8E3","queueNumber":170}
{"sent":true,"message":"Sent to 6287711086938@c.us","id":"true_6287711086938@c.us_3EB0BD68FB5996E0F3EC","queueNumber":171}
{"sent":true,"message":"Sent to 6287711086938@c.us","id":"true_6287711086938@c.us_3EB086279787FAB92030","queueNumber":172}
{"sent":true,"message":"Sent to 6287711086938@c.us","id":"true_6287711086938@c.us_3EB0671A5992C63C24E6","queueNumber":173}
{"sent":true,"message":"Sent to 62818760046@c.us","id":"true_62818760046@c.us_3EB04CC6DC591D4F2625","queueNumber":174}
{"sent":true,"message":"Sent to 6287711086938@c.us","id":"true_6287711086938@c.us_3EB07261A079DA388714","queueNumber":175}
{"sent":true,"message":"Sent to 6287711086938@c.us","id":"true_6287711086938@c.us_3EB0DDF7ACD838DD80F5","queueNumber":176}
{"sent":true,"message":"Sent to 6287711086938@c.us","id":"true_6287711086938@c.us_3EB056DB04909C821517","queueNumber":177}
{"sent":true,"message":"Sent to 6287711086938@c.us","id":"true_6287711086938@c.us_3EB0E58ACEF3548562F0","queueNumber":178}
{"sent":true,"message":"Sent to 6287711086938@c.us","id":"true_6287711086938@c.us_3EB0A524ACC8BA60AC06","queueNumber":179}
{"sent":true,"message":"Sent to 6287711086938@c.us","id":"true_6287711086938@c.us_3EB0DCC29D37B714902D","queueNumber":195}
{"sent":true,"message":"Sent to 6287711086938@c.us","id":"true_6287711086938@c.us_3EB0F08DA5BB0738BEC6","queueNumber":196}
{"sent":true,"message":"Sent to 6287711086938@c.us","id":"true_6287711086938@c.us_3EB075B3D2A3D8B520EC","queueNumber":197}
{"sent":true,"message":"Sent to 6287711086938@c.us","id":"true_6287711086938@c.us_3EB0768BA164B2091FB7","queueNumber":198}
{"sent":true,"message":"Sent to 6287711086938@c.us","id":"true_6287711086938@c.us_3EB0E1B3C7DCD7159869","queueNumber":199}
{"sent":true,"message":"Sent to 6287711086938@c.us","id":"true_6287711086938@c.us_3EB02E24C8D450441843","queueNumber":200}
{"sent":false,"message":"phone parameter should contain only numbers, start from country code and be 10-14 characters long"}
{"sent":false,"message":"phone parameter should contain only numbers, start from country code and be 10-14 characters long"}
{"sent":false,"message":"phone parameter should contain only numbers, start from country code and be 10-14 characters long"}
{"sent":false,"message":"Wrong chatId format. Please use \"phone parameter\" or chatId from message history. chatId has format 79680123456@c.us or 79680123456-1471234567@g.us"}
{"sent":true,"message":"Sent to 6287711086938@c.us","id":"true_6287711086938@c.us_3EB025C515A5D63FAA23","queueNumber":201}
{"sent":true,"message":"Sent to 6287711086938@c.us","id":"true_6287711086938@c.us_3EB051A9B7D8D6E92C0D","queueNumber":202}
{"sent":false,"message":"phone parameter should contain only numbers, start from country code and be 10-14 characters long"}
{"sent":false,"message":"Wrong chatId format. Please use \"phone parameter\" or chatId from message history. chatId has format 79680123456@c.us or 79680123456-1471234567@g.us"}
{"sent":true,"message":"Sent to 6287711086938@c.us","id":"true_6287711086938@c.us_3EB03BEEA7275EDB10B7","queueNumber":203}
{"sent":true,"message":"Sent to 6287711086938@c.us","id":"true_6287711086938@c.us_3EB0785CCDB9B6E05528","queueNumber":204}
{"sent":true,"message":"Sent to 62818760046@c.us","id":"true_62818760046@c.us_3EB04376C3935F34EFFF","queueNumber":205}
{"sent":true,"message":"Sent to 6287711086938@c.us","id":"true_6287711086938@c.us_3EB0C87BE9BE54FF61B0","queueNumber":206}
{"sent":true,"message":"Sent to 6287711086938@c.us","id":"true_6287711086938@c.us_3EB0055C56FD4530C415","queueNumber":207}
{"sent":true,"message":"Sent to 62818760046@c.us","id":"true_62818760046@c.us_3EB0BC2890D1A3722F49","queueNumber":208}
{"sent":true,"message":"Sent to 6287711086938@c.us","id":"true_6287711086938@c.us_3EB0CEA6B087F3A09854","queueNumber":209}
{"sent":true,"message":"Sent to 6287711086938@c.us","id":"true_6287711086938@c.us_3EB09D389D9B7014D602","queueNumber":210}
{"sent":true,"message":"Sent to 6287711086938@c.us","id":"true_6287711086938@c.us_3EB06641AC75C5FA16E3","queueNumber":211}
{"sent":true,"message":"Sent to 6287711086938@c.us","id":"true_6287711086938@c.us_3EB03D377B2E28264EE4","queueNumber":212}
{"sent":true,"message":"Sent to 6287711086938@c.us","id":"true_6287711086938@c.us_3EB0964D0C944B94088D","queueNumber":213}
{"sent":true,"message":"Sent to 6287711086938@c.us","id":"true_6287711086938@c.us_3EB026652226A8B175D2","queueNumber":214}
{"sent":true,"message":"Sent to 6287711086938@c.us","id":"true_6287711086938@c.us_3EB09BBC756B13A6C121","queueNumber":215}
{"sent":true,"message":"Sent to 6287711086938@c.us","id":"true_6287711086938@c.us_3EB0EF75858A39FB63F4","queueNumber":216}
{"sent":true,"message":"Sent to 6287711086938@c.us","id":"true_6287711086938@c.us_3EB0D239A42A962D728D","queueNumber":217}
{"sent":true,"message":"Sent to 6287711086938@c.us","id":"true_6287711086938@c.us_3EB0CBBF5020551A19E3","queueNumber":218}
{"sent":true,"message":"Sent to 6287711086938@c.us","id":"true_6287711086938@c.us_3EB04108834F4589E34B","queueNumber":219}
{"sent":true,"message":"Sent to 6287711086938@c.us","id":"true_6287711086938@c.us_3EB0AAC4940E72ECF714","queueNumber":220}
{"sent":true,"message":"Sent to 6287711086938@c.us","id":"true_6287711086938@c.us_3EB080FEE3E0325622F0","queueNumber":221}
{"sent":true,"message":"Sent to 6287711086938@c.us","id":"true_6287711086938@c.us_3EB02D84113DA5EABF93","queueNumber":222}
{"sent":true,"message":"Sent to 6287711086938@c.us","id":"true_6287711086938@c.us_3EB0054859C77B00C24F","queueNumber":223}
{"sent":true,"message":"Sent to 6287711086938@c.us","id":"true_6287711086938@c.us_3EB02524D9DD5CC83298","queueNumber":224}
{"sent":true,"message":"Sent to 6287711086938@c.us","id":"true_6287711086938@c.us_3EB080A56EF65D426CFA","queueNumber":225}
{"sent":true,"message":"Sent to 6287711086938@c.us","id":"true_6287711086938@c.us_3EB092CF43507976D218","queueNumber":226}
{"sent":true,"message":"Sent to 6287711086938@c.us","id":"true_6287711086938@c.us_3EB0F99C62A474E7C0E0","queueNumber":227}
{"sent":true,"message":"Sent to 6287711086938@c.us","id":"true_6287711086938@c.us_3EB006279CE1FEC0BA6A","queueNumber":228}
{"sent":true,"message":"Sent to 6287711086938@c.us","id":"true_6287711086938@c.us_3EB094AE0C589E8D1213","queueNumber":229}
{"sent":true,"message":"Sent to 6287711086938@c.us","id":"true_6287711086938@c.us_3EB0E7049816D30952F9","queueNumber":230}
{"sent":true,"message":"Sent to 6287711086938@c.us","id":"true_6287711086938@c.us_3EB0DF2F0C5B62E436AA","queueNumber":231}
{"sent":true,"message":"Sent to 6287711086938@c.us","id":"true_6287711086938@c.us_3EB0A0CE7B46C77D4D59","queueNumber":232}
{"sent":true,"message":"Sent to 6287711086938@c.us","id":"true_6287711086938@c.us_3EB0EBCA2796C4FD06A5","queueNumber":233}
{"sent":true,"message":"Sent to 6287711086938@c.us","id":"true_6287711086938@c.us_3EB0D1347B08CF6AFCA2","queueNumber":234}
{"sent":true,"message":"Sent to 6287711086938@c.us","id":"true_6287711086938@c.us_3EB05553E08B30DF551B","queueNumber":235}
{"sent":true,"message":"Sent to 6287711086938@c.us","id":"true_6287711086938@c.us_3EB07F36BE9A6E6D9056","queueNumber":236}
{"sent":true,"message":"Sent to 6287711086938@c.us","id":"true_6287711086938@c.us_3EB00A6497392C229780","queueNumber":237}
{"sent":true,"message":"Sent to 6287711086938@c.us","id":"true_6287711086938@c.us_3EB00FBE2F63A765F1AA","queueNumber":238}
{"sent":true,"message":"Sent to 6287711086938@c.us","id":"true_6287711086938@c.us_3EB068D074788FA15AAF","queueNumber":239}
{"sent":true,"message":"Sent to 6287711086938@c.us","id":"true_6287711086938@c.us_3EB03F15C4679C49A01D","queueNumber":240}
{"sent":true,"message":"Sent to 6287711086938@c.us","id":"true_6287711086938@c.us_3EB0365990734972E1BE","queueNumber":241}
{"sent":true,"message":"Sent to 6287711086938@c.us","id":"true_6287711086938@c.us_3EB0C75351DAB39FCFE3","queueNumber":242}
{"sent":true,"message":"Sent to 6287711086938@c.us","id":"true_6287711086938@c.us_3EB0B5B2A28841B534D5","queueNumber":243}
{"sent":true,"message":"Sent to 62818760046@c.us","id":"true_62818760046@c.us_3EB0F7C5CB01D2808CE1","queueNumber":244}
{"sent":true,"message":"Sent to 6281973480077@c.us","id":"true_6281973480077@c.us_3EB0E0436A54D8F58700","queueNumber":245}
{"sent":true,"message":"Sent to 62818760046@c.us","id":"true_62818760046@c.us_3EB0790B9AD58F788977","queueNumber":246}
{"sent":true,"message":"Sent to 6281973480077@c.us","id":"true_6281973480077@c.us_3EB05EE582E9759034D7","queueNumber":247}
{"sent":true,"message":"Sent to 6281973480077@c.us","id":"true_6281973480077@c.us_3EB088AD1A34E2E446D0","queueNumber":248}
{"sent":true,"message":"Sent to 62818760046@c.us","id":"true_62818760046@c.us_3EB0A36ADF68DE8F9F9F","queueNumber":249}
{"sent":true,"message":"Sent to 6281973480077@c.us","id":"true_6281973480077@c.us_3EB09FAAA7B3FBB60B93","queueNumber":250}
{"sent":true,"message":"Sent to 62818760046@c.us","id":"true_62818760046@c.us_3EB0A1121FF51A30E9B9","queueNumber":251}
{"sent":true,"message":"Sent to 6281973480077@c.us","id":"true_6281973480077@c.us_3EB075C5E73C33DB2561","queueNumber":252}
{"sent":false,"message":"Wrong chatId format. Please use \"phone parameter\" or chatId from message history. chatId has format 79680123456@c.us or 79680123456-1471234567@g.us"}
{"sent":true,"message":"Sent to 62818760046@c.us","id":"true_62818760046@c.us_3EB00376B697E0BDA96B","queueNumber":253}
{"sent":true,"message":"Sent to 62818760046@c.us","id":"true_62818760046@c.us_3EB0645554CDD6E2BEF6","queueNumber":254}
{"sent":true,"message":"Sent to 628159003600@c.us","id":"true_628159003600@c.us_3EB0BE3A528BBF274988","queueNumber":255}
{"sent":true,"message":"Sent to 62818760046@c.us","id":"true_62818760046@c.us_3EB0E1BCB1B741D26E7D","queueNumber":256}
{"sent":true,"message":"Sent to 6287711086938@c.us","id":"true_6287711086938@c.us_3EB04A8A41969FF4DFE6","queueNumber":257}
{"sent":true,"message":"Sent to 6287711086938@c.us","id":"true_6287711086938@c.us_3EB069E51AD0A77F1136","queueNumber":258}
{"sent":true,"message":"Sent to 6287711086938@c.us","id":"true_6287711086938@c.us_3EB0BDBF3A03F46A0309","queueNumber":259}
{"sent":true,"message":"Sent to 6287711086938@c.us","id":"true_6287711086938@c.us_3EB09CD319102F460CC3","queueNumber":260}
{"sent":true,"message":"Sent to 6287711086938@c.us","id":"true_6287711086938@c.us_3EB0BA205EBC8BCBC217","queueNumber":261}
{"sent":true,"message":"Sent to 6287711086938@c.us","id":"true_6287711086938@c.us_3EB0C814A59B785E7A10","queueNumber":262}
{"sent":true,"message":"Sent to 6287711086938@c.us","id":"true_6287711086938@c.us_3EB0D04583A94755813B","queueNumber":263}
{"sent":true,"message":"Sent to 6287711086938@c.us","id":"true_6287711086938@c.us_3EB0B678C08978298287","queueNumber":264}
{"sent":true,"message":"Sent to 6287711086938@c.us","id":"true_6287711086938@c.us_3EB0E5F71ED275207FE4","queueNumber":265}
{"sent":true,"message":"Sent to 6287711086938@c.us","id":"true_6287711086938@c.us_3EB094D31DF05601D448","queueNumber":266}
{"sent":true,"message":"Sent to 6287711086938@c.us","id":"true_6287711086938@c.us_3EB0895FA4FEF7BBDE89","queueNumber":267}
{"sent":true,"message":"Sent to 6287711086938@c.us","id":"true_6287711086938@c.us_3EB08EEF93691810E80E","queueNumber":268}
{"sent":true,"message":"Sent to 6287711086938@c.us","id":"true_6287711086938@c.us_3EB0C228C61BBAD955B0","queueNumber":269}
{"sent":true,"message":"Sent to 6287711086938@c.us","id":"true_6287711086938@c.us_3EB0550E6A9B95551354","queueNumber":270}
{"sent":true,"message":"Sent to 6287711086938@c.us","id":"true_6287711086938@c.us_3EB025A7FFF102069491","queueNumber":271}
{"sent":true,"message":"Sent to 6287711086938@c.us","id":"true_6287711086938@c.us_3EB0A773946F7DE40C2D","queueNumber":272}
{"sent":true,"message":"Sent to 6287711086938@c.us","id":"true_6287711086938@c.us_3EB0A2FF4EA2008471F2","queueNumber":273}
{"sent":true,"message":"Sent to 6287711086938@c.us","id":"true_6287711086938@c.us_3EB0B2E8F55328C93EF4","queueNumber":274}
{"sent":true,"message":"Sent to 6287711086938@c.us","id":"true_6287711086938@c.us_3EB0918E10C84458A06A","queueNumber":275}
{"sent":true,"message":"Sent to 6287711086938@c.us","id":"true_6287711086938@c.us_3EB001418211081C8290","queueNumber":276}
{"sent":true,"message":"Sent to 6287711086938@c.us","id":"true_6287711086938@c.us_3EB0DB0A1DF5A116E6C8","queueNumber":277}
{"sent":true,"message":"Sent to 6287711086938@c.us","id":"true_6287711086938@c.us_3EB00F2604CCE2E36145","queueNumber":278}
{"sent":true,"message":"Sent to 6287711086938@c.us","id":"true_6287711086938@c.us_3EB0358827C935895C6C","queueNumber":279}
{"sent":true,"message":"Sent to 6287711086938@c.us","id":"true_6287711086938@c.us_3EB07CE286C1DD72B9DB","queueNumber":280}
{"sent":true,"message":"Sent to 6287711086938@c.us","id":"true_6287711086938@c.us_3EB0C12BE4DC46CAAC4D","queueNumber":281}
{"sent":true,"message":"Sent to 6287711086938@c.us","id":"true_6287711086938@c.us_3EB00926463DD6BF45C6","queueNumber":282}
{"sent":true,"message":"Sent to 6287711086938@c.us","id":"true_6287711086938@c.us_3EB0C51BD97A2C77FD55","queueNumber":283}
{"sent":true,"message":"Sent to 6287711086938@c.us","id":"true_6287711086938@c.us_3EB023A545DA5BCE22BE","queueNumber":284}
{"sent":true,"message":"Sent to 6287711086938@c.us","id":"true_6287711086938@c.us_3EB0C57F14E4E6DE1D38","queueNumber":285}
{"sent":true,"message":"Sent to 6287711086938@c.us","id":"true_6287711086938@c.us_3EB0BC3B385B94069EF7","queueNumber":286}
{"sent":true,"message":"Sent to 6287711086938@c.us","id":"true_6287711086938@c.us_3EB0C56D7F8D56FCED1A","queueNumber":287}
{"sent":true,"message":"Sent to 6287711086938@c.us","id":"true_6287711086938@c.us_3EB02BF02D763927DD89","queueNumber":288}
{"sent":true,"message":"Sent to 6287711086938@c.us","id":"true_6287711086938@c.us_3EB0230827AF9435533C","queueNumber":289}
{"sent":true,"message":"Sent to 6287711086938@c.us","id":"true_6287711086938@c.us_3EB0EA58430FAD52902C","queueNumber":290}
{"sent":true,"message":"Sent to 6287711086938@c.us","id":"true_6287711086938@c.us_3EB0E72C29A9BF0507A3","queueNumber":291}
{"sent":true,"message":"Sent to 6287711086938@c.us","id":"true_6287711086938@c.us_3EB01C4965853A8331C7","queueNumber":292}
{"sent":true,"message":"Sent to 6287711086938@c.us","id":"true_6287711086938@c.us_3EB010AA4AF559BB2A6A","queueNumber":293}
{"sent":true,"message":"Sent to 6287711086938@c.us","id":"true_6287711086938@c.us_3EB035E98FFE6D99A278","queueNumber":294}
{"sent":true,"message":"Sent to 6287711086938@c.us","id":"true_6287711086938@c.us_3EB03C8FB8B7B4DC2FF9","queueNumber":295}
{"sent":true,"message":"Sent to 6287711086938@c.us","id":"true_6287711086938@c.us_3EB0B0CA76C9B82A83A2","queueNumber":296}
{"sent":true,"message":"Sent to 6287711086938@c.us","id":"true_6287711086938@c.us_3EB0610B8F3560FFFEC5","queueNumber":297}
{"sent":true,"message":"Sent to 6287711086938@c.us","id":"true_6287711086938@c.us_3EB03DDA97522E0331BF","queueNumber":298}
{"sent":true,"message":"Sent to 6287711086938@c.us","id":"true_6287711086938@c.us_3EB00F3B42BA7B772D2D","queueNumber":299}
{"sent":true,"message":"Sent to 6287711086938@c.us","id":"true_6287711086938@c.us_3EB0CA04577168F00C93","queueNumber":300}
{"sent":true,"message":"Sent to 6287711086938@c.us","id":"true_6287711086938@c.us_3EB0BFD042684AA03B63","queueNumber":301}
{"sent":true,"message":"Sent to 6287711086938@c.us","id":"true_6287711086938@c.us_3EB061CC1828C957F5F4","queueNumber":302}
{"sent":true,"message":"Sent to 6287711086938@c.us","id":"true_6287711086938@c.us_3EB0AA57E141CB87CE21","queueNumber":303}
{"sent":true,"message":"Sent to 6281287464646@c.us","id":"true_6281287464646@c.us_3EB02F4AA8EBF18382BD","queueNumber":304}
{"sent":true,"message":"Sent to 6282120860044@c.us","id":"true_6282120860044@c.us_3EB0746BD153FC761219","queueNumber":305}
{"sent":true,"message":"Sent to 6282120860044@c.us","id":"true_6282120860044@c.us_3EB07F6B0621886D2968","queueNumber":306}
{"sent":true,"message":"Sent to 6282120860044@c.us","id":"true_6282120860044@c.us_3EB0498DF6B2AB235A66","queueNumber":307}
{"sent":false,"message":"Wrong chatId format. Please use \"phone parameter\" or chatId from message history. chatId has format 79680123456@c.us or 79680123456-1471234567@g.us"}
{"sent":true,"message":"Sent to 6282120860044@c.us","id":"true_6282120860044@c.us_3EB061988B3A6EE9E050","queueNumber":308}
{"sent":true,"message":"Sent to 6287711086938@c.us","id":"true_6287711086938@c.us_3EB0DC2BAFF1B19AFBBD","queueNumber":309}
{"sent":true,"message":"Sent to 6287711086938@c.us","id":"true_6287711086938@c.us_3EB0EE7157081B88381F","queueNumber":310}
{"sent":true,"message":"Sent to 6287711086938@c.us","id":"true_6287711086938@c.us_3EB014688DDDFB85F7BC","queueNumber":311}
{"sent":true,"message":"Sent to 6287711086938@c.us","id":"true_6287711086938@c.us_3EB0C75C618AF5CEEBD6","queueNumber":312}
{"sent":false,"message":"Wrong chatId format. Please use \"phone parameter\" or chatId from message history. chatId has format 79680123456@c.us or 79680123456-1471234567@g.us"}
{"sent":true,"message":"Sent to 6287711086938@c.us","id":"true_6287711086938@c.us_3EB000E5A19E98609B3C","queueNumber":313}
{"sent":true,"message":"Sent to 6287711086938@c.us","id":"true_6287711086938@c.us_3EB0B9382C1FAC63D2CF","queueNumber":314}
{"sent":true,"message":"Sent to 6287711086938@c.us","id":"true_6287711086938@c.us_3EB0E40DF89B35A84B27","queueNumber":315}
{"sent":true,"message":"Sent to 6287711086938@c.us","id":"true_6287711086938@c.us_3EB03AFF1D146741D5A4","queueNumber":316}
{"sent":true,"message":"Sent to 6287711086938@c.us","id":"true_6287711086938@c.us_3EB0B923BDC0A073EB46","queueNumber":317}
{"sent":true,"message":"Sent to 6287711086938@c.us","id":"true_6287711086938@c.us_3EB0C6522C01094E90F7","queueNumber":318}
{"sent":true,"message":"Sent to 6287711086938@c.us","id":"true_6287711086938@c.us_3EB082722C5D60DFC6A7","queueNumber":319}
{"sent":true,"message":"Sent to 6287711086938@c.us","id":"true_6287711086938@c.us_3EB0061DD734FCEEC5AA","queueNumber":320}
{"sent":true,"message":"Sent to 6287711086938@c.us","id":"true_6287711086938@c.us_3EB01AF8A00ADBEC02DB","queueNumber":321}
{"sent":true,"message":"Sent to 6287711086938@c.us","id":"true_6287711086938@c.us_3EB03927DFF54B407AF7","queueNumber":322}
{"sent":true,"message":"Sent to 6287711086938@c.us","id":"true_6287711086938@c.us_3EB0CC033A839040ACF4","queueNumber":323}
{"sent":false,"message":"Wrong chatId format. Please use \"phone parameter\" or chatId from message history. chatId has format 79680123456@c.us or 79680123456-1471234567@g.us"}
{"sent":true,"message":"Sent to 6287711086938@c.us","id":"true_6287711086938@c.us_3EB0777D54265C71F0D1","queueNumber":324}
{"sent":true,"message":"Sent to 6287711086938@c.us","id":"true_6287711086938@c.us_3EB01494F41510C62F6B","queueNumber":325}
{"sent":true,"message":"Sent to 6287711086938@c.us","id":"true_6287711086938@c.us_3EB00F833C99C67F9485","queueNumber":326}
{"sent":true,"message":"Sent to 6287711086938@c.us","id":"true_6287711086938@c.us_3EB03364654204CE0B43","queueNumber":327}
{"sent":true,"message":"Sent to 6287711086938@c.us","id":"true_6287711086938@c.us_3EB077E9481E133A8678","queueNumber":328}
{"sent":true,"message":"Sent to 6287711086938@c.us","id":"true_6287711086938@c.us_3EB0CA218B9B39549386","queueNumber":329}
{"sent":true,"message":"Sent to 6287711086938@c.us","id":"true_6287711086938@c.us_3EB09B116D708F19F127","queueNumber":330}
{"sent":true,"message":"Sent to 6287711086938@c.us","id":"true_6287711086938@c.us_3EB058B3585D4ABEDEB3","queueNumber":331}
{"sent":true,"message":"Sent to 6287711086938@c.us","id":"true_6287711086938@c.us_3EB026DCD23CED85771D","queueNumber":332}
{"sent":true,"message":"Sent to 6287711086938@c.us","id":"true_6287711086938@c.us_3EB0369D9CFED3C058A8","queueNumber":333}
{"sent":true,"message":"Sent to 6287711086938@c.us","id":"true_6287711086938@c.us_3EB006E2191F4720E89E","queueNumber":334}
{"sent":true,"message":"Sent to 6287711086938@c.us","id":"true_6287711086938@c.us_3EB0CFACA4AA0DD9A62F","queueNumber":335}
{"sent":true,"message":"Sent to 6287711086938@c.us","id":"true_6287711086938@c.us_3EB0E08A77CFCCF27E05","queueNumber":336}
{"sent":true,"message":"Sent to 6287711086938@c.us","id":"true_6287711086938@c.us_3EB061718B66EF081A74","queueNumber":337}
{"sent":true,"message":"Sent to 6287711086938@c.us","id":"true_6287711086938@c.us_3EB096FEC0AC9F295A7C","queueNumber":338}
{"sent":true,"message":"Sent to 6287711086938@c.us","id":"true_6287711086938@c.us_3EB0CCBAB9E7A969AC42","queueNumber":339}
{"sent":true,"message":"Sent to 6287711086938@c.us","id":"true_6287711086938@c.us_3EB0279F39657FFFABE4","queueNumber":340}
{"sent":true,"message":"Sent to 6287711086938@c.us","id":"true_6287711086938@c.us_3EB030D160EFE1BB07BB","queueNumber":341}
{"sent":true,"message":"Sent to 6287711086938@c.us","id":"true_6287711086938@c.us_3EB04635C685E5A3CB93","queueNumber":342}
{"sent":true,"message":"Sent to 6287711086938@c.us","id":"true_6287711086938@c.us_3EB03549A5018556BDC1","queueNumber":343}
{"sent":true,"message":"Sent to 6287711086938@c.us","id":"true_6287711086938@c.us_3EB05EDFFE705AB6929B","queueNumber":344}
{"sent":true,"message":"Sent to 6282217559925@c.us","id":"true_6282217559925@c.us_3EB02C623DFC957245EC","queueNumber":345}
{"sent":true,"message":"Sent to 6282217559925@c.us","id":"true_6282217559925@c.us_3EB0A4674F60F7487892","queueNumber":346}
{"sent":true,"message":"Sent to 6282217559925@c.us","id":"true_6282217559925@c.us_3EB0CBFD9186B01B37A4","queueNumber":347}
{"sent":true,"message":"Sent to 6287711086938@c.us","id":"true_6287711086938@c.us_3EB0AB261C2C0EC1C2D7","queueNumber":348}
{"sent":true,"message":"Sent to 6282217559925@c.us","id":"true_6282217559925@c.us_3EB09F8BD9EF165A52D5","queueNumber":349}
{"sent":true,"message":"Sent to 6287711086938@c.us","id":"true_6287711086938@c.us_3EB0DD5A63FD82C6807C","queueNumber":350}
{"sent":true,"message":"Sent to 6287711086938@c.us","id":"true_6287711086938@c.us_3EB0F3D71E1F8CF585BD","queueNumber":351}
{"sent":true,"message":"Sent to 6287711086938@c.us","id":"true_6287711086938@c.us_3EB05F159CE3DB756E03","queueNumber":352}
{"sent":true,"message":"Sent to 6287711086938@c.us","id":"true_6287711086938@c.us_3EB0EC614477EDB43D7A","queueNumber":353}
{"sent":true,"message":"Sent to 6287711086938@c.us","id":"true_6287711086938@c.us_3EB02A82C719989EC57B","queueNumber":354}
{"sent":true,"message":"Sent to 6287711086938@c.us","id":"true_6287711086938@c.us_3EB0AFF315104080C849","queueNumber":355}
{"sent":true,"message":"Sent to 6287711086938@c.us","id":"true_6287711086938@c.us_3EB0BA762792141AD516","queueNumber":356}
{"sent":true,"message":"Sent to 6287711086938@c.us","id":"true_6287711086938@c.us_3EB0D6011BEFAF2BA018","queueNumber":357}
{"sent":true,"message":"Sent to 6287711086938@c.us","id":"true_6287711086938@c.us_3EB0388AED34677D8F4A","queueNumber":358}
{"sent":true,"message":"Sent to 6287711086938@c.us","id":"true_6287711086938@c.us_3EB029EEA8AE42096F36","queueNumber":359}
{"sent":true,"message":"Sent to 6282217559925@c.us","id":"true_6282217559925@c.us_3EB0648847F5F35BEBBD","queueNumber":360}
{"sent":true,"message":"Sent to 6287711086938@c.us","id":"true_6287711086938@c.us_3EB0238274AC513FB77F","queueNumber":361}
{"sent":true,"message":"Sent to 6287711086938@c.us","id":"true_6287711086938@c.us_3EB0C67AA1F92892F806","queueNumber":362}
{"sent":true,"message":"Sent to 6282217559925@c.us","id":"true_6282217559925@c.us_3EB025098F56490600DF","queueNumber":363}
{"sent":true,"message":"Sent to 6287711086938@c.us","id":"true_6287711086938@c.us_3EB0103A30323C4AA6C2","queueNumber":364}
{"sent":true,"message":"Sent to 6287711086938@c.us","id":"true_6287711086938@c.us_3EB091C8240ADA0171EA","queueNumber":365}
{"sent":true,"message":"Sent to 6287711086938@c.us","id":"true_6287711086938@c.us_3EB07AAD322D6FDD9E18","queueNumber":366}
{"sent":true,"message":"Sent to 6287711086938@c.us","id":"true_6287711086938@c.us_3EB0791BFBE29E1DC410","queueNumber":367}
{"sent":true,"message":"Sent to 6282217559925@c.us","id":"true_6282217559925@c.us_3EB057A4D8D93F1A0C1D","queueNumber":368}
{"sent":true,"message":"Sent to 6287711086938@c.us","id":"true_6287711086938@c.us_3EB09BC5098B93D557D7","queueNumber":369}
{"sent":true,"message":"Sent to 6287711086938@c.us","id":"true_6287711086938@c.us_3EB0849959BE5EB42CFE","queueNumber":370}
{"sent":true,"message":"Sent to 6287711086938@c.us","id":"true_6287711086938@c.us_3EB081F56FC240433925","queueNumber":371}
{"sent":true,"message":"Sent to 6287711086938@c.us","id":"true_6287711086938@c.us_3EB0FF1FBB75CE8E2303","queueNumber":372}
{"sent":true,"message":"Sent to 6287711086938@c.us","id":"true_6287711086938@c.us_3EB082737E76849E0233","queueNumber":373}
{"sent":true,"message":"Sent to 6287711086938@c.us","id":"true_6287711086938@c.us_3EB03254B19815D93E7C","queueNumber":374}
{"sent":true,"message":"Sent to 6287711086938@c.us","id":"true_6287711086938@c.us_3EB0BDDB9523DD4895B9","queueNumber":375}
{"sent":true,"message":"Sent to 6287711086938@c.us","id":"true_6287711086938@c.us_3EB0BE28798DC2B0B58D","queueNumber":376}
{"sent":true,"message":"Sent to 6287711086938@c.us","id":"true_6287711086938@c.us_3EB09768615F21061CA8","queueNumber":377}
{"sent":true,"message":"Sent to 6287711086938@c.us","id":"true_6287711086938@c.us_3EB05CA80C67D79AF4F1","queueNumber":378}
{"sent":true,"message":"Sent to 6287711086938@c.us","id":"true_6287711086938@c.us_3EB0317FBD6DB4BDBE38","queueNumber":379}
{"sent":true,"message":"Sent to 6287711086938@c.us","id":"true_6287711086938@c.us_3EB08201297B2962F40D","queueNumber":380}
{"sent":true,"message":"Sent to 6287711086938@c.us","id":"true_6287711086938@c.us_3EB0422DDCD0632B1474","queueNumber":381}
{"sent":true,"message":"Sent to 6287711086938@c.us","id":"true_6287711086938@c.us_3EB0BF0A78F92BBC414F","queueNumber":382}
{"sent":true,"message":"Sent to 6287711086938@c.us","id":"true_6287711086938@c.us_3EB0AF9E4507A86418FB","queueNumber":383}
{"sent":true,"message":"Sent to 6287711086938@c.us","id":"true_6287711086938@c.us_3EB0655DFF6614945357","queueNumber":384}
{"sent":true,"message":"Sent to 6287711086938@c.us","id":"true_6287711086938@c.us_3EB0C975615C11DC0833","queueNumber":385}
{"sent":true,"message":"Sent to 6287711086938@c.us","id":"true_6287711086938@c.us_3EB050E9D53FCE9E4D8D","queueNumber":386}
{"sent":true,"message":"Sent to 6287711086938@c.us","id":"true_6287711086938@c.us_3EB0B6A20805344C0A7C","queueNumber":387}
{"sent":true,"message":"Sent to 6287711086938@c.us","id":"true_6287711086938@c.us_3EB0F707908E555A9017","queueNumber":388}
{"sent":true,"message":"Sent to 6287711086938@c.us","id":"true_6287711086938@c.us_3EB038994E2E30D0D54E","queueNumber":389}
{"sent":true,"message":"Sent to 6287711086938@c.us","id":"true_6287711086938@c.us_3EB0260EC0AE3D0B5BDD","queueNumber":390}
{"sent":true,"message":"Sent to 6287711086938@c.us","id":"true_6287711086938@c.us_3EB003A52F9B9BA3ED94","queueNumber":391}
{"sent":true,"message":"Sent to 6287711086938@c.us","id":"true_6287711086938@c.us_3EB0E4FFB6C20DC2333D","queueNumber":392}
{"sent":true,"message":"Sent to 6287711086938@c.us","id":"true_6287711086938@c.us_3EB0E1211133E314EC09","queueNumber":393}
{"sent":true,"message":"Sent to 6287711086938@c.us","id":"true_6287711086938@c.us_3EB0754BB2A77F70594F","queueNumber":394}
{"sent":true,"message":"Sent to 6287711086938@c.us","id":"true_6287711086938@c.us_3EB065BD3C55342F3687","queueNumber":395}
{"sent":true,"message":"Sent to 6287711086938@c.us","id":"true_6287711086938@c.us_3EB0622EA76E3E5D86F3","queueNumber":396}
{"sent":false,"message":"Wrong chatId format. Please use \"phone parameter\" or chatId from message history. chatId has format 79680123456@c.us or 79680123456-1471234567@g.us"}
{"sent":true,"message":"Sent to 6287711086938@c.us","id":"true_6287711086938@c.us_3EB0ACAD6BF47BB8E21F","queueNumber":397}
{"sent":true,"message":"Sent to 6287711086938@c.us","id":"true_6287711086938@c.us_3EB08283FE93A67B4823","queueNumber":398}
{"sent":true,"message":"Sent to 6287711086938@c.us","id":"true_6287711086938@c.us_3EB08E152EE8294363FB","queueNumber":399}
{"sent":true,"message":"Sent to 6287711086938@c.us","id":"true_6287711086938@c.us_3EB0ECCE6064B68BF1AD","queueNumber":400}
{"sent":false,"message":"Wrong chatId format. Please use \"phone parameter\" or chatId from message history. chatId has format 79680123456@c.us or 79680123456-1471234567@g.us"}
{"sent":true,"message":"Sent to 6287711086938@c.us","id":"true_6287711086938@c.us_3EB045E48FA75E0914E7","queueNumber":401}
{"sent":true,"message":"Sent to 6287711086938@c.us","id":"true_6287711086938@c.us_3EB051073E832824F81E","queueNumber":402}
{"sent":true,"message":"Sent to 6287711086938@c.us","id":"true_6287711086938@c.us_3EB0CE28CD53E2CEFAAE","queueNumber":403}
{"sent":true,"message":"Sent to 6287711086938@c.us","id":"true_6287711086938@c.us_3EB0CCABEA754E46521C","queueNumber":404}
{"sent":true,"message":"Sent to 6282217559925@c.us","id":"true_6282217559925@c.us_3EB02376A80FA76CAFEB","queueNumber":405}
{"sent":true,"message":"Sent to 6282217559925@c.us","id":"true_6282217559925@c.us_3EB07F064B2D12D1CA4C","queueNumber":406}
{"sent":true,"message":"Sent to 6282217559925@c.us","id":"true_6282217559925@c.us_3EB01E3E3F65EB1013FF","queueNumber":407}
{"sent":true,"message":"Sent to 6282217559925@c.us","id":"true_6282217559925@c.us_3EB0EF3B556490D5D7A2","queueNumber":408}
{"sent":true,"message":"Sent to 6282217559925@c.us","id":"true_6282217559925@c.us_3EB08FB0F3C99A18DA7E","queueNumber":409}
{"sent":true,"message":"Sent to 6287711086938@c.us","id":"true_6287711086938@c.us_3EB02CBCA4F404F82586","queueNumber":410}
{"sent":true,"message":"Sent to 6287711086938@c.us","id":"true_6287711086938@c.us_3EB072A8D3776D19C255","queueNumber":411}
{"sent":true,"message":"Sent to 6287711086938@c.us","id":"true_6287711086938@c.us_3EB00A105B51D79C4259","queueNumber":412}
{"sent":true,"message":"Sent to 6287711086938@c.us","id":"true_6287711086938@c.us_3EB043995A2F3760000F","queueNumber":413}
{"sent":true,"message":"Sent to 6287711086938@c.us","id":"true_6287711086938@c.us_3EB0D7097D1380B7AB31","queueNumber":414}
{"sent":true,"message":"Sent to 6282217559925@c.us","id":"true_6282217559925@c.us_3EB05E7F7DAB635B7F60","queueNumber":415}
{"sent":true,"message":"Sent to 6287711086938@c.us","id":"true_6287711086938@c.us_3EB0A953326542223C1E","queueNumber":416}
{"sent":true,"message":"Sent to 6287711086938@c.us","id":"true_6287711086938@c.us_3EB0E64F8189E1B2176D","queueNumber":417}
{"sent":true,"message":"Sent to 6287711086938@c.us","id":"true_6287711086938@c.us_3EB006AD5FAE9B4BA4F7","queueNumber":418}
{"sent":true,"message":"Sent to 6287711086938@c.us","id":"true_6287711086938@c.us_3EB049BB945A8DEF1CFC","queueNumber":419}
{"sent":true,"message":"Sent to 6287711086938@c.us","id":"true_6287711086938@c.us_3EB0118C91F02F0C4C43","queueNumber":420}
{"sent":true,"message":"Sent to 6287711086938@c.us","id":"true_6287711086938@c.us_3EB0E001A4199FB0F782","queueNumber":421}
{"sent":true,"message":"Sent to 6287711086938@c.us","id":"true_6287711086938@c.us_3EB03CF431BCBBF32329","queueNumber":422}
{"sent":true,"message":"Sent to 6287711086938@c.us","id":"true_6287711086938@c.us_3EB0FF55CBFD2262CCFB","queueNumber":423}
{"sent":true,"message":"Sent to 6287711086938@c.us","id":"true_6287711086938@c.us_3EB01C9837225E39369D","queueNumber":424}
{"sent":true,"message":"Sent to 6287711086938@c.us","id":"true_6287711086938@c.us_3EB0D2812610F10A2F1A","queueNumber":425}
{"sent":true,"message":"Sent to 6287711086938@c.us","id":"true_6287711086938@c.us_3EB02784D8A6F6F0DA21","queueNumber":426}
{"sent":true,"message":"Sent to 6287711086938@c.us","id":"true_6287711086938@c.us_3EB0638B82E543171D58","queueNumber":427}
{"sent":true,"message":"Sent to 6287711086938@c.us","id":"true_6287711086938@c.us_3EB098793D255AFF17E5","queueNumber":428}
{"sent":true,"message":"Sent to 6287711086938@c.us","id":"true_6287711086938@c.us_3EB06AFBA384C14953E5","queueNumber":429}
{"sent":true,"message":"Sent to 6282217559925@c.us","id":"true_6282217559925@c.us_3EB08D82600A4C2CA4B6","queueNumber":430}
{"sent":true,"message":"Sent to 6287711086938@c.us","id":"true_6287711086938@c.us_3EB0F0853E7E6DB93BFA","queueNumber":431}
{"sent":true,"message":"Sent to 6282217559925@c.us","id":"true_6282217559925@c.us_3EB0025DD41FB70C964B","queueNumber":432}
{"sent":true,"message":"Sent to 6287711086938@c.us","id":"true_6287711086938@c.us_3EB0738836FC90FFA040","queueNumber":433}
{"sent":true,"message":"Sent to 6282217559925@c.us","id":"true_6282217559925@c.us_3EB0FB3954E689BB55D7","queueNumber":434}
{"sent":true,"message":"Sent to 6287711086938@c.us","id":"true_6287711086938@c.us_3EB0EA84FA10D436E3B3","queueNumber":435}
{"sent":true,"message":"Sent to 6287711086938@c.us","id":"true_6287711086938@c.us_3EB08F068BE3CC7FFF37","queueNumber":436}
{"sent":true,"message":"Sent to 6282217559925@c.us","id":"true_6282217559925@c.us_3EB0C8B2C9C3356D2971","queueNumber":437}
{"sent":true,"message":"Sent to 6287711086938@c.us","id":"true_6287711086938@c.us_3EB0705D03BD5A3ABDC8","queueNumber":438}
{"sent":true,"message":"Sent to 6287711086938@c.us","id":"true_6287711086938@c.us_3EB0DF76EB88FFF4B2B3","queueNumber":439}
{"sent":true,"message":"Sent to 6287711086938@c.us","id":"true_6287711086938@c.us_3EB012FFC99A124DC624","queueNumber":440}
{"sent":true,"message":"Sent to 6287711086938@c.us","id":"true_6287711086938@c.us_3EB00538FE2BB2615BF8","queueNumber":441}
{"sent":true,"message":"Sent to 6287711086938@c.us","id":"true_6287711086938@c.us_3EB0529C7DB3BC8479B1","queueNumber":442}
{"sent":true,"message":"Sent to 6287711086938@c.us","id":"true_6287711086938@c.us_3EB0C570E7124232F061","queueNumber":443}
{"sent":true,"message":"Sent to 6287711086938@c.us","id":"true_6287711086938@c.us_3EB0581DD27D99A6D792","queueNumber":444}
{"sent":true,"message":"Sent to 6287711086938@c.us","id":"true_6287711086938@c.us_3EB0E399A2325C15E838","queueNumber":445}
{"sent":true,"message":"Sent to 6287711086938@c.us","id":"true_6287711086938@c.us_3EB05F6103E4C9883472","queueNumber":446}
{"sent":true,"message":"Sent to 6287711086938@c.us","id":"true_6287711086938@c.us_3EB09BC4FEB66B7E3ABA","queueNumber":447}
{"sent":false,"message":"Wrong chatId format. Please use \"phone parameter\" or chatId from message history. chatId has format 79680123456@c.us or 79680123456-1471234567@g.us"}
{"sent":true,"message":"Sent to 6287711086938@c.us","id":"true_6287711086938@c.us_3EB0B1CF8B3E78D18A21","queueNumber":448}
{"sent":true,"message":"Sent to 6282217559925@c.us","id":"true_6282217559925@c.us_3EB08B16B6952A8746A3","queueNumber":449}
{"sent":true,"message":"Sent to 6287711086938@c.us","id":"true_6287711086938@c.us_3EB0F3BFAFEDBDF3D9A8","queueNumber":450}
{"sent":true,"message":"Sent to 6282217559925@c.us","id":"true_6282217559925@c.us_3EB0E5F062A7BD872A90","queueNumber":451}
{"sent":true,"message":"Sent to 6287711086938@c.us","id":"true_6287711086938@c.us_3EB08C5B9E01882540F6","queueNumber":452}
{"sent":true,"message":"Sent to 6287711086938@c.us","id":"true_6287711086938@c.us_3EB049F9890E7F65DA15","queueNumber":453}
{"sent":true,"message":"Sent to 6287711086938@c.us","id":"true_6287711086938@c.us_3EB0747E806FDB0A985E","queueNumber":454}
{"sent":true,"message":"Sent to 6287711086938@c.us","id":"true_6287711086938@c.us_3EB05CCBF36AB3313A21","queueNumber":456}
{"sent":true,"message":"Sent to 6287711086938@c.us","id":"true_6287711086938@c.us_3EB0A8A81157943D7934","queueNumber":457}
{"sent":true,"message":"Sent to 6287711086938@c.us","id":"true_6287711086938@c.us_3EB0B264A7A51B2CD5FA","queueNumber":458}
{"sent":true,"message":"Sent to 6282217559925@c.us","id":"true_6282217559925@c.us_3EB05BCC9DCF30FE16E2","queueNumber":459}
{"sent":true,"message":"Sent to 6287711086938@c.us","id":"true_6287711086938@c.us_3EB00F9EBE3C563E7970","queueNumber":460}
{"sent":true,"message":"Sent to 6287711086938@c.us","id":"true_6287711086938@c.us_3EB03EB7C7CB46E04FD6","queueNumber":461}
{"sent":true,"message":"Sent to 6287711086938@c.us","id":"true_6287711086938@c.us_3EB0F1E3E9223070ABA8","queueNumber":462}
{"sent":true,"message":"Sent to 62818760046@c.us","id":"true_62818760046@c.us_3EB0B15AB11AF0FE40E8","queueNumber":463}
{"sent":true,"message":"Sent to 6287711086938@c.us","id":"true_6287711086938@c.us_3EB0880A78F1A4020297","queueNumber":464}
{"sent":true,"message":"Sent to 62818760046@c.us","id":"true_62818760046@c.us_3EB0845BF9F17DE78596","queueNumber":465}
{"sent":true,"message":"Sent to 6287711086938@c.us","id":"true_6287711086938@c.us_3EB0BF40BFE28AB7F103","queueNumber":466}
{"sent":false,"message":"Wrong chatId format. Please use \"phone parameter\" or chatId from message history. chatId has format 79680123456@c.us or 79680123456-1471234567@g.us"}
{"sent":true,"message":"Sent to 6287711086938@c.us","id":"true_6287711086938@c.us_3EB068666548A1826FC2","queueNumber":467}
{"sent":true,"message":"Sent to 6282217559925@c.us","id":"true_6282217559925@c.us_3EB022EC7AD6C0562456","queueNumber":468}
{"sent":true,"message":"Sent to 62818760046@c.us","id":"true_62818760046@c.us_3EB05F6B784385B74297","queueNumber":469}
{"sent":true,"message":"Sent to 6287711086938@c.us","id":"true_6287711086938@c.us_3EB09C17C288BF47401A","queueNumber":470}
{"sent":true,"message":"Sent to 6287711086938@c.us","id":"true_6287711086938@c.us_3EB0330DE8E96BE4AFDC","queueNumber":471}
{"sent":true,"message":"Sent to 62818760046@c.us","id":"true_62818760046@c.us_3EB014FD0E2AD6871D16","queueNumber":472}
{"sent":true,"message":"Sent to 6281287464646@c.us","id":"true_6281287464646@c.us_3EB09F07F915931EC668","queueNumber":473}
{"sent":true,"message":"Sent to 62818760046@c.us","id":"true_62818760046@c.us_3EB05A3EF726EC911B33","queueNumber":474}
{"sent":true,"message":"Sent to 62818760046@c.us","id":"true_62818760046@c.us_3EB057BEB8B9073596CD","queueNumber":475}
{"sent":true,"message":"Sent to 6287711086938@c.us","id":"true_6287711086938@c.us_3EB0501A06707BF07D6F","queueNumber":476}
{"sent":true,"message":"Sent to 62818760046@c.us","id":"true_62818760046@c.us_3EB0331793DC3733BEB7","queueNumber":477}
{"sent":true,"message":"Sent to 6287711086938@c.us","id":"true_6287711086938@c.us_3EB0A068B12ED8DB972E","queueNumber":478}
{"sent":true,"message":"Sent to 62818760046@c.us","id":"true_62818760046@c.us_3EB046E494F67A16ABE9","queueNumber":479}
{"sent":true,"message":"Sent to 6287711086938@c.us","id":"true_6287711086938@c.us_3EB04A3D498B9DFB30D0","queueNumber":480}
{"sent":true,"message":"Sent to 62818760046@c.us","id":"true_62818760046@c.us_3EB0AED92E1B7AFDB911","queueNumber":481}
{"sent":true,"message":"Sent to 6287711086938@c.us","id":"true_6287711086938@c.us_3EB02678021D69D0A61E","queueNumber":482}
{"sent":true,"message":"Sent to 62818760046@c.us","id":"true_62818760046@c.us_3EB022DB7F3E1C192BF4","queueNumber":483}
{"sent":true,"message":"Sent to 62818760046@c.us","id":"true_62818760046@c.us_3EB0643D908AE5F040E9","queueNumber":484}
{"sent":true,"message":"Sent to 62818760046@c.us","id":"true_62818760046@c.us_3EB01132AB5B68E5DE0C","queueNumber":485}
{"sent":true,"message":"Sent to 6287711086938@c.us","id":"true_6287711086938@c.us_3EB0DAAA1CABE56BA23A","queueNumber":486}
{"sent":true,"message":"Sent to 62818760046@c.us","id":"true_62818760046@c.us_3EB07A5FF0FDB5E12E85","queueNumber":487}
{"sent":true,"message":"Sent to 6287711086938@c.us","id":"true_6287711086938@c.us_3EB0F38C6CC14BB69044","queueNumber":488}
{"sent":true,"message":"Sent to 62811843030@c.us","id":"true_62811843030@c.us_3EB00E8651677176D1CB","queueNumber":489}
{"sent":true,"message":"Sent to 6287711086938@c.us","id":"true_6287711086938@c.us_3EB0E0493319EE1111AC","queueNumber":490}
{"sent":true,"message":"Sent to 62818760046@c.us","id":"true_62818760046@c.us_3EB0D3E05913B45A8FC0","queueNumber":491}
{"sent":true,"message":"Sent to 62818760046@c.us","id":"true_62818760046@c.us_3EB055ABD8E0F8F37FD3","queueNumber":492}
{"sent":true,"message":"Sent to 62818760046@c.us","id":"true_62818760046@c.us_3EB0898D0A13977E8CAA","queueNumber":493}
{"sent":true,"message":"Sent to 6287711086938@c.us","id":"true_6287711086938@c.us_3EB06601A016E50ECF79","queueNumber":494}
{"sent":true,"message":"Sent to 6287711086938@c.us","id":"true_6287711086938@c.us_3EB0551B432618BB31F7","queueNumber":495}
{"sent":true,"message":"Sent to 6287711086938@c.us","id":"true_6287711086938@c.us_3EB0854C2A4121A5918C","queueNumber":496}
{"sent":true,"message":"Sent to 6287711086938@c.us","id":"true_6287711086938@c.us_3EB0C7CDEF1F3D4FC352","queueNumber":497}
{"sent":true,"message":"Sent to 6287711086938@c.us","id":"true_6287711086938@c.us_3EB0825D23D135C19423","queueNumber":498}
