{"sent":true,"message":"Sent to 6287711086938@c.us","id":"true_6287711086938@c.us_3EB0C66CD6986364E83E","queueNumber":22}
{"sent":true,"message":"Sent to 6287711086938@c.us","id":"true_6287711086938@c.us_3EB0FCE4D4A7FFB35A1D","queueNumber":23}
{"sent":true,"message":"Sent to 6287711086938@c.us","id":"true_6287711086938@c.us_3EB030EFF4AEFA9E234E","queueNumber":24}
{"sent":true,"message":"Sent to 6282217559925@c.us","id":"true_6282217559925@c.us_3EB052BD2C86F3B30C40","queueNumber":25}
{"sent":true,"message":"Sent to 6287711086938@c.us","id":"true_6287711086938@c.us_3EB0945D671D843C7000","queueNumber":26}
{"sent":true,"message":"Sent to 6282217559925@c.us","id":"true_6282217559925@c.us_3EB0D1F931C7BC3B8C92","queueNumber":27}
{"sent":true,"message":"Sent to 6282217559925@c.us","id":"true_6282217559925@c.us_3EB0CDC212C5ECFD7405","queueNumber":28}
{"sent":true,"message":"Sent to 6282217559925@c.us","id":"true_6282217559925@c.us_3EB0B69794A2D706B7A4","queueNumber":29}
{"sent":true,"message":"Sent to 6282217559925@c.us","id":"true_6282217559925@c.us_3EB053279D099DFFB670","queueNumber":30}
{"sent":true,"message":"Sent to 6282217559925@c.us","id":"true_6282217559925@c.us_3EB0FFFA11AE03260C2C","queueNumber":31}
{"sent":true,"message":"Sent to 6282217559925@c.us","id":"true_6282217559925@c.us_3EB0E98B1BFA0A1F0A6B","queueNumber":32}
{"sent":true,"message":"Sent to 6287711086938@c.us","id":"true_6287711086938@c.us_3EB0304243DCED0B0794","queueNumber":33}
{"sent":true,"message":"Sent to 6282217559925@c.us","id":"true_6282217559925@c.us_3EB0B69D1C81528425BF","queueNumber":34}
{"sent":true,"message":"Sent to 6282217559925@c.us","id":"true_6282217559925@c.us_3EB0BE278535A58DC8E6","queueNumber":35}
{"sent":true,"message":"Sent to 6287711086938@c.us","id":"true_6287711086938@c.us_3EB0A078C7E3EC71EA3A","queueNumber":36}
{"sent":true,"message":"Sent to 6282217559925@c.us","id":"true_6282217559925@c.us_3EB05468BE4FAFEA0993","queueNumber":37}
{"sent":true,"message":"Sent to 6287711086938@c.us","id":"true_6287711086938@c.us_3EB017A727C14120D057","queueNumber":38}
{"sent":false,"message":"Wrong chatId format. Please use \"phone parameter\" or chatId from message history. chatId has format 79680123456@c.us or 79680123456-1471234567@g.us"}
{"sent":false,"message":"Wrong chatId format. Please use \"phone parameter\" or chatId from message history. chatId has format 79680123456@c.us or 79680123456-1471234567@g.us"}
{"sent":true,"message":"Sent to 6282217559925@c.us","id":"true_6282217559925@c.us_3EB03EA3C822FCDBF3FF","queueNumber":39}
{"sent":true,"message":"Sent to 6287711086938@c.us","id":"true_6287711086938@c.us_3EB07A3E9F6B47ACD56F","queueNumber":40}
{"sent":true,"message":"Sent to 6282217559925@c.us","id":"true_6282217559925@c.us_3EB057BA904435A893E9","queueNumber":41}
{"sent":true,"message":"Sent to 6287711086938@c.us","id":"true_6287711086938@c.us_3EB0C6E278418D814AC4","queueNumber":42}
{"sent":true,"message":"Sent to 6282217559925@c.us","id":"true_6282217559925@c.us_3EB0D4C665C358456737","queueNumber":43}
{"sent":true,"message":"Sent to 6287711086938@c.us","id":"true_6287711086938@c.us_3EB01A5A80C45E478982","queueNumber":44}
{"sent":true,"message":"Sent to 6282217559925@c.us","id":"true_6282217559925@c.us_3EB063E6E43A62F9A298","queueNumber":45}
{"sent":false,"message":"Wrong chatId format. Please use \"phone parameter\" or chatId from message history. chatId has format 79680123456@c.us or 79680123456-1471234567@g.us"}
{"sent":true,"message":"Sent to 6282217559925@c.us","id":"true_6282217559925@c.us_3EB05474D6B8CB8F33B8","queueNumber":46}
{"sent":true,"message":"Sent to 6287711086938@c.us","id":"true_6287711086938@c.us_3EB0986A9CD4B23C5172","queueNumber":47}
{"sent":true,"message":"Sent to 6282217559925@c.us","id":"true_6282217559925@c.us_3EB007298E86B7310F7A","queueNumber":48}
{"sent":false,"message":"Wrong chatId format. Please use \"phone parameter\" or chatId from message history. chatId has format 79680123456@c.us or 79680123456-1471234567@g.us"}
{"sent":true,"message":"Sent to 6287711086938@c.us","id":"true_6287711086938@c.us_3EB08750D9625BAF39F7","queueNumber":49}
{"sent":true,"message":"Sent to 6282217559925@c.us","id":"true_6282217559925@c.us_3EB019505B2AD928189A","queueNumber":50}
{"sent":true,"message":"Sent to 6287711086938@c.us","id":"true_6287711086938@c.us_3EB0ED4C090B8D87B263","queueNumber":51}
{"sent":true,"message":"Sent to 6282217559925@c.us","id":"true_6282217559925@c.us_3EB097E29C6CD4D1BF7F","queueNumber":52}
{"sent":true,"message":"Sent to 6287711086938@c.us","id":"true_6287711086938@c.us_3EB0B5B18D393621A344","queueNumber":53}
{"sent":true,"message":"Sent to 6282217559925@c.us","id":"true_6282217559925@c.us_3EB012C76A5E6944879B","queueNumber":54}
{"sent":true,"message":"Sent to 6287711086938@c.us","id":"true_6287711086938@c.us_3EB0B05140B8171F098D","queueNumber":55}
{"sent":true,"message":"Sent to 6282217559925@c.us","id":"true_6282217559925@c.us_3EB067580A5F4308DA59","queueNumber":56}
{"sent":true,"message":"Sent to 6287711086938@c.us","id":"true_6287711086938@c.us_3EB0C77761904B8EF445","queueNumber":57}
